2022-05-03 01:13:11,886 - bb_file_manager - INFO - Starting the subject processing: Tue May  3 01:13:11 2022 
2022-05-03 01:13:11,887 - bb_file_manager - INFO - Subject received as input: sub-0001 
2022-05-03 01:13:11,981 - bb_file_manager - INFO - Performing action capitalize_and_clean on files with patterns ['*.[^log]'] 
2022-05-03 01:13:11,981 - bb_file_manager - INFO - File names changed to upper case. 
2022-05-03 01:13:12,009 - bb_file_manager - INFO - Performing action move_to on files with patterns ['dicom', 'DICOM'] 
2022-05-03 01:13:12,065 - bb_file_manager - INFO - Performing action manage_struct on files with patterns ['*T1*.nii.gz', '*MPRAGE*.nii.gz', '*IR-FSPGR*.nii.gz'] 
2022-05-03 01:13:12,066 - bb_file_manager - INFO - File moved/renamed: /scratch/jwangbay/amsterdam/sub-0001/rawdata/anat/sub-0001_T1w.nii.gz to T1/T1.nii.gz 
2022-05-03 01:13:12,490 - bb_file_manager - INFO - Performing action manage_struct on files with patterns ['T2*FLAIR*.nii.gz', '*FLAIR*.nii.gz'] 
2022-05-03 01:13:12,490 - bb_file_manager - ERROR - There was not an intensity-normalized T2. 
2022-05-03 01:13:12,626 - bb_file_manager - INFO - Performing action manage_fMRI on files with patterns ['*FMRI*RESTING*.nii.gz', 'MB8*RESTING*.nii.gz', '*TASK*REST*.nii.gz', '*task*rest*.nii.gz', '*epi_rest*.nii.gz', '*rsfMRI*.nii.gz', '*fcMRI*.nii.gz'] 
2022-05-03 01:13:12,686 - bb_file_manager - INFO - File moved/renamed: /scratch/jwangbay/amsterdam/sub-0001/rawdata/func/sub-0001_task-restingstate_acq-seq_bold.nii.gz to fMRI/rfMRI.nii.gz 
2022-05-03 01:13:13,020 - bb_file_manager - WARNING - There was no SBRef data for the subject fMRI/rfMRI.nii.gz 
2022-05-03 01:13:13,020 - bb_file_manager - WARNING - The SBRef data will be generated now using the middle point of the subject 
2022-05-03 01:13:13,020 - bb_file_manager - WARNING - Command to run: /home/jwangbay/software/amsterdam/tvb-ukbb/bb_functional_pipeline/bb_generate_SBRef fMRI/rfMRI.nii.gz fMRI/rfMRI_SBREF.nii.gz 
2022-05-03 01:13:13,020 - bb_file_manager - INFO - COMMAND TO RUN: 	/home/jwangbay/software/amsterdam/tvb-ukbb/bb_functional_pipeline/bb_generate_SBRef fMRI/rfMRI.nii.gz fMRI/rfMRI_SBREF.nii.gz 
2022-05-03 01:13:33,893 - bb_file_manager - INFO - COMMAND OUTPUT: 	 
2022-05-03 01:13:34,013 - bb_file_manager - INFO - Performing action manage_fMRI on files with patterns ['*fmri*task*.nii.gz', '*FMRI*TASK*.nii.gz', 'MB8*TASK*.nii.gz', '*epi_movie*.nii.gz', '*epi_smt*.nii.gz', '*workingmemory*.nii.gz'] 
2022-05-03 01:13:34,093 - bb_file_manager - INFO - File moved/renamed: /scratch/jwangbay/amsterdam/sub-0001/rawdata/func/sub-0001_task-workingmemory_acq-seq_bold.nii.gz to fMRI/tfMRI.nii.gz 
2022-05-03 01:13:34,417 - bb_file_manager - WARNING - There was no SBRef data for the subject fMRI/tfMRI.nii.gz 
2022-05-03 01:13:34,417 - bb_file_manager - WARNING - The SBRef data will be generated now using the middle point of the subject 
2022-05-03 01:13:34,418 - bb_file_manager - WARNING - Command to run: /home/jwangbay/software/amsterdam/tvb-ukbb/bb_functional_pipeline/bb_generate_SBRef fMRI/tfMRI.nii.gz fMRI/tfMRI_SBREF.nii.gz 
2022-05-03 01:13:34,418 - bb_file_manager - INFO - COMMAND TO RUN: 	/home/jwangbay/software/amsterdam/tvb-ukbb/bb_functional_pipeline/bb_generate_SBRef fMRI/tfMRI.nii.gz fMRI/tfMRI_SBREF.nii.gz 
2022-05-03 01:13:51,385 - bb_file_manager - INFO - COMMAND OUTPUT: 	 
2022-05-03 01:13:51,412 - bb_file_manager - INFO - Performing action manage_SWI on files with patterns ['SWI*nii.gz'] 
2022-05-03 01:13:51,412 - bb_file_manager - ERROR - There should be at least 134 SWI files. Only 0 found. There will be no SWI processing 
2022-05-03 01:13:51,492 - bb_file_manager - INFO - Performing action manage_DWI on files with patterns ['DIFF_*', 'MB3_*', '*dwi*.*', '*DWI*.*'] 
2022-05-03 01:13:51,493 - bb_file_manager - INFO - Single-direction DWI detected. 
2022-05-03 01:13:51,550 - bb_file_manager - INFO - File moved/renamed: /scratch/jwangbay/amsterdam/sub-0001/rawdata/dwi/sub-0001_dwi.nii.gz to dMRI/raw/dwi.nii.gz 
2022-05-03 01:13:51,661 - bb_file_manager - INFO - File moved/renamed: /scratch/jwangbay/amsterdam/sub-0001/rawdata/dwi/sub-0001_dwi.bvec to dMRI/raw/dwi.bvec 
2022-05-03 01:13:51,678 - bb_file_manager - INFO - File moved/renamed: /scratch/jwangbay/amsterdam/sub-0001/rawdata/dwi/sub-0001_dwi.bval to dMRI/raw/dwi.bval 
2022-05-03 01:13:51,723 - bb_file_manager - INFO - Performing action move_to on files with patterns ['SWI*.*'] 
2022-05-03 01:13:51,742 - bb_file_manager - INFO - Performing action move_to on files with patterns ['*.[^log]'] 
2022-05-03 01:13:51,742 - bb_file_manager - INFO - FILECONFIG: {'T1': 'T1/T1.nii.gz', 'rfMRI': 'fMRI/rfMRI.nii.gz', 'rfMRI_SBRef': 'fMRI/rfMRI_SBREF.nii.gz', 'tfMRI': 'fMRI/tfMRI.nii.gz', 'tfMRI_SBRef': 'fMRI/tfMRI_SBREF.nii.gz', 'dwi': 'dMRI/raw/dwi.nii.gz', 'dwi_bvec': 'dMRI/raw/dwi.bvec', 'dwi_bval': 'dMRI/raw/dwi.bval'} 
