STANDARD OUT:
HOST INFO: Linux cdr302.int.cedar.computecanada.ca 3.10.0-1160.53.1.el7.x86_64 #1 SMP Fri Jan 14 13:59:45 UTC 2022 x86_64 x86_64 x86_64 GNU/Linux
COMMAND RUN: /home/jwangbay/software/amsterdam/tvb-ukbb/bb_functional_pipeline/bb_prepare_tfMRI
Starting time: Tue May 3 02:39:55 PDT 2022
 
 START: GradientDistortionUnwarp


STANDARD ERROR:
+ nameDir=/scratch/jwangbay/amsterdam/sub-0001
+ cp /home/jwangbay/software/amsterdam/tvb-ukbb/bb_data/design_TASK.fsf sub-0001/fMRI/tfMRI.fsf
++ cat sub-0001/fMRI/tfMRI.fsf
++ grep -oP '_--_\K.*?(?=_-_)'
++ sort
++ uniq
+ for elem in `cat $1/fMRI/tfMRI.fsf | grep -oP '_--_\K.*?(?=_-_)' | sort | uniq`
++ echo /home/jwangbay/software/amsterdam/tvb-ukbb
++ sed 's|/|\\/|g'
+ val='\/home\/jwangbay\/software\/amsterdam\/tvb-ukbb'
+ sed -i 's/_--_BB_BIN_DIR_-_/\/home\/jwangbay\/software\/amsterdam\/tvb-ukbb/g' sub-0001/fMRI/tfMRI.fsf
+ for elem in `cat $1/fMRI/tfMRI.fsf | grep -oP '_--_\K.*?(?=_-_)' | sort | uniq`
++ echo /opt/fsl
++ sed 's|/|\\/|g'
+ val='\/opt\/fsl'
+ sed -i 's/_--_FSLDIR_-_/\/opt\/fsl/g' sub-0001/fMRI/tfMRI.fsf
++ /opt/fsl/bin/fslval sub-0001/fMRI/tfMRI.nii.gz dim4
+ fmriNumVol='160 '
++ /opt/fsl/bin/fslval sub-0001/fMRI/tfMRI.nii.gz pixdim4
+ fmriTR='2.000000 '
++ /opt/fsl/bin/fslval sub-0001/fMRI/tfMRI.nii.gz descrip
+ descrip='5.0.10 '
+ descrip=(`echo $descrip | tr ';' ' '`)
++ echo 5.0.10
++ tr ';' ' '
+ fmriTE=.10
++ bb_get_dwell_time sub-0001/fMRI/tfMRI.nii.gz
+ fmriDwell='[]'
+ /home/jwangbay/software/amsterdam/tvb-ukbb/bb_pipeline_tools/bb_GDC_half_voxel --workingdir=sub-0001/fMRI/tfMRI_SBREF_GDC --in=sub-0001/fMRI/tfMRI_SBREF.nii.gz --out=sub-0001/fMRI/tfMRI_SBREF_ud.nii.gz --owarp=sub-0001/fMRI/tfMRI_SBREF_ud_warp.nii.gz
+ '[' 4 -eq 0 ']'
+ '[' 4 -lt 4 ']'
++ getopt1 --workingdir --workingdir=sub-0001/fMRI/tfMRI_SBREF_GDC --in=sub-0001/fMRI/tfMRI_SBREF.nii.gz --out=sub-0001/fMRI/tfMRI_SBREF_ud.nii.gz --owarp=sub-0001/fMRI/tfMRI_SBREF_ud_warp.nii.gz
++ sopt=--workingdir
++ shift 1
++ for fn in $@
+++ echo --workingdir=sub-0001/fMRI/tfMRI_SBREF_GDC
+++ grep -- '^--workingdir='
+++ wc -w
++ '[' 1 -gt 0 ']'
++ echo --workingdir=sub-0001/fMRI/tfMRI_SBREF_GDC
++ sed 's/^--workingdir=//'
++ return 0
+ WD=sub-0001/fMRI/tfMRI_SBREF_GDC
++ getopt1 --in --workingdir=sub-0001/fMRI/tfMRI_SBREF_GDC --in=sub-0001/fMRI/tfMRI_SBREF.nii.gz --out=sub-0001/fMRI/tfMRI_SBREF_ud.nii.gz --owarp=sub-0001/fMRI/tfMRI_SBREF_ud_warp.nii.gz
++ sopt=--in
++ shift 1
++ for fn in $@
+++ echo --workingdir=sub-0001/fMRI/tfMRI_SBREF_GDC
+++ grep -- '^--in='
+++ wc -w
++ '[' 0 -gt 0 ']'
++ for fn in $@
+++ echo --in=sub-0001/fMRI/tfMRI_SBREF.nii.gz
+++ grep -- '^--in='
+++ wc -w
++ '[' 1 -gt 0 ']'
++ echo --in=sub-0001/fMRI/tfMRI_SBREF.nii.gz
++ sed 's/^--in=//'
++ return 0
+ InputFile=sub-0001/fMRI/tfMRI_SBREF.nii.gz
++ getopt1 --out --workingdir=sub-0001/fMRI/tfMRI_SBREF_GDC --in=sub-0001/fMRI/tfMRI_SBREF.nii.gz --out=sub-0001/fMRI/tfMRI_SBREF_ud.nii.gz --owarp=sub-0001/fMRI/tfMRI_SBREF_ud_warp.nii.gz
++ sopt=--out
++ shift 1
++ for fn in $@
+++ echo --workingdir=sub-0001/fMRI/tfMRI_SBREF_GDC
+++ grep -- '^--out='
+++ wc -w
++ '[' 0 -gt 0 ']'
++ for fn in $@
+++ echo --in=sub-0001/fMRI/tfMRI_SBREF.nii.gz
+++ grep -- '^--out='
+++ wc -w
++ '[' 0 -gt 0 ']'
++ for fn in $@
+++ echo --out=sub-0001/fMRI/tfMRI_SBREF_ud.nii.gz
+++ grep -- '^--out='
+++ wc -w
++ '[' 1 -gt 0 ']'
++ echo --out=sub-0001/fMRI/tfMRI_SBREF_ud.nii.gz
++ sed 's/^--out=//'
++ return 0
+ OutputFile=sub-0001/fMRI/tfMRI_SBREF_ud.nii.gz
++ getopt1 --owarp --workingdir=sub-0001/fMRI/tfMRI_SBREF_GDC --in=sub-0001/fMRI/tfMRI_SBREF.nii.gz --out=sub-0001/fMRI/tfMRI_SBREF_ud.nii.gz --owarp=sub-0001/fMRI/tfMRI_SBREF_ud_warp.nii.gz
++ sopt=--owarp
++ shift 1
++ for fn in $@
+++ echo --workingdir=sub-0001/fMRI/tfMRI_SBREF_GDC
+++ grep -- '^--owarp='
+++ wc -w
++ '[' 0 -gt 0 ']'
++ for fn in $@
+++ echo --in=sub-0001/fMRI/tfMRI_SBREF.nii.gz
+++ grep -- '^--owarp='
+++ wc -w
++ '[' 0 -gt 0 ']'
++ for fn in $@
+++ echo --out=sub-0001/fMRI/tfMRI_SBREF_ud.nii.gz
+++ grep -- '^--owarp='
+++ wc -w
++ '[' 0 -gt 0 ']'
++ for fn in $@
+++ echo --owarp=sub-0001/fMRI/tfMRI_SBREF_ud_warp.nii.gz
+++ wc -w
+++ grep -- '^--owarp='
++ '[' 1 -gt 0 ']'
++ echo --owarp=sub-0001/fMRI/tfMRI_SBREF_ud_warp.nii.gz
++ sed 's/^--owarp=//'
++ return 0
+ OutputTransform=sub-0001/fMRI/tfMRI_SBREF_ud_warp.nii.gz
+ InputCoefficients=/home/jwangbay/software/amsterdam/tvb-ukbb/bb_data/bb_GDC_coeff.grad
++ /opt/fsl/bin/remove_ext sub-0001/fMRI/tfMRI_SBREF_ud.nii.gz
+ OutputFile=sub-0001/fMRI/tfMRI_SBREF_ud
++ defaultopt sub-0001/fMRI/tfMRI_SBREF_GDC sub-0001/fMRI/tfMRI_SBREF_ud.wdir
++ echo sub-0001/fMRI/tfMRI_SBREF_GDC
+ WD=sub-0001/fMRI/tfMRI_SBREF_GDC
++ /opt/fsl/bin/remove_ext sub-0001/fMRI/tfMRI_SBREF.nii.gz
+ BaseName=sub-0001/fMRI/tfMRI_SBREF
++ basename sub-0001/fMRI/tfMRI_SBREF
+ BaseName=tfMRI_SBREF
+ echo ' '
+ echo ' START: GradientDistortionUnwarp'
+ mkdir -p sub-0001/fMRI/tfMRI_SBREF_GDC
+ /opt/fsl/bin/fslroi sub-0001/fMRI/tfMRI_SBREF.nii.gz.nii.gz sub-0001/fMRI/tfMRI_SBREF_GDC/tfMRI_SBREF_vol1.nii.gz 0 1
Image Exception : #63 :: No image files match: sub-0001/fMRI/tfMRI_SBREF.nii.gz
No image files match: sub-0001/fMRI/tfMRI_SBREF.nii.gz
++ /home/jwangbay/software/amsterdam/tvb-ukbb/bb_pipeline_tools/bb_fsl_abspath /home/jwangbay/software/amsterdam/tvb-ukbb/bb_data/bb_GDC_coeff.grad
+ InputCoeffs=/home/jwangbay/software/amsterdam/tvb-ukbb/bb_data/bb_GDC_coeff.grad
++ pwd
+ ORIGDIR=/scratch/jwangbay/amsterdam
+ cd sub-0001/fMRI/tfMRI_SBREF_GDC
+ /home/jwangbay/software/amsterdam/tvb-ukbb/bb_pipeline_tools/bb_gradient_unwarp_half_voxel.py tfMRI_SBREF_vol1.nii.gz trilinear.nii.gz siemens -g /home/jwangbay/software/amsterdam/tvb-ukbb/bb_data/bb_GDC_coeff.grad -n
Traceback (most recent call last):
  File "/home/jwangbay/software/amsterdam/tvb-ukbb/bb_pipeline_tools/bb_gradient_unwarp_half_voxel.py", line 18, in <module>
    from gradunwarp.core.unwarp_resample_half_voxel import Unwarper
ModuleNotFoundError: No module named 'gradunwarp.core.unwarp_resample_half_voxel'
