# 	name of reference image
--ref=/opt/fsl/data/standard/MNI152_T1_1mm
# 	name of input image
--in=T1
# 	name of file containing affine transform
--aff=T1_to_MNI_linear.mat
# 	name of output file with field coefficients
--cout=T1_to_MNI_warp_coef
# 	name of output image
--iout=T1_brain_to_MNI.nii.gz
# 	name of output file with field
--fout=T1_to_MNI_warp
# 	name of file for writing out the Jacobian of the field (for diagnostic or VBM purposes)
--jout=T1_to_MNI_warp_jac
# Name of log-file
--logout=../logs/bb_T1_to_MNI_fnirt.log
# name of file with mask in reference space
--refmask=/home/jwangbay/software/amsterdam/tvb-ukbb/templates/MNI152_T1_1mm_brain_mask_dil_GD7
# If =1, use implicit masking based on value in --ref image. Default =1
--imprefm=1
# If =1, use implicit masking based on value in --in image, Default =1
--impinm=1
# Value to mask out in --ref image. Default =0.0
--imprefval=0
# Value to mask out in --in image. Default =0.0
--impinval=0
# sub-sampling scheme, default 4,2,1,1
--subsamp=4,4,2,2,1,1
# 	Max # of non-linear iterations, default 5,5,5,5
--miter=5,5,5,5,5,10
# FWHM (in mm) of gaussian smoothing kernel for input volume, default 6,4,2,2
--infwhm=8,6,5,4.5,3,2
# FWHM (in mm) of gaussian smoothing kernel for ref volume, default 4,2,0,0
--reffwhm=8,6,5,4,2,0
# Weight of regularisation, default depending on --ssqlambda and --regmod switches. See user documentation.
--lambda=300,150,100,50,40,30
# Estimate intensity-mapping if set, default 1 (true)
--estint=1,1,1,1,1,0
# (approximate) resolution (in mm) of warp basis in x-, y- and z-direction, default 10,10,10
--warpres=10,10,10
# Order of spline, 2->Quadratic spline, 3->Cubic spline. Default=3
--splineorder=3
# If set (=1), lambda is weighted by current ssq, default 1
--ssqlambda=1
# Allowed range of Jacobian determinants, default 0.01,100.0
--jacrange=0.01,100
# Model for regularisation of warp-field [membrane_energy bending_energy], default bending_energy
--regmod=bending_energy
# Model for intensity-mapping [none global_linear global_non_linear local_linear global_non_linear_with_bias local_non_linear]
--intmod=global_non_linear_with_bias
# Order of polynomial for mapping intensities, default 5
--intorder=5
# Resolution (in mm) of bias-field modelling local intensities, default 50,50,50
--biasres=50,50,50
# Weight of regularisation for bias-field, default 10000
--biaslambda=10000
# Precision for representing Hessian, double or float. Default double
--numprec=double
# Image interpolation model, linear or spline. Default linear
--interp=spline
# If =1, ref image is used to calculate derivatives. Default =0
--refderiv=0
