STANDARD OUT:
HOST INFO: Linux cdr302.int.cedar.computecanada.ca 3.10.0-1160.53.1.el7.x86_64 #1 SMP Fri Jan 14 13:59:45 UTC 2022 x86_64 x86_64 x86_64 GNU/Linux
COMMAND RUN: /home/jwangbay/software/amsterdam/tvb-ukbb/bb_diffusion_pipeline/tvb_probtrackx2/tvb_probtrackx2
Starting time: Tue May 3 04:11:25 PDT 2022
subjectdir is /scratch/jwangbay/amsterdam/sub-0001
/scratch/jwangbay/amsterdam/sub-0001/dMRI/dMRI/interface.nii.gz
/scratch/jwangbay/amsterdam/sub-0001/dMRI/probtrackx_TVBSchaeferTian420
PROBTRACKX2 VERSION GPU
Log directory is: /scratch/jwangbay/amsterdam/sub-0001/dMRI/probtrackx_TVBSchaeferTian420/
Running in network mode
Loading tractography data
Number of Seeds: 20711
Dimensions Matrix1: 20711 x 20711
Dimensions Network Matrix: 420 x 420

Time Loading Data: 57 seconds


...................Allocated GPU 0...................
Device memory available (MB): 11939 ---- Total device memory(MB): 12198
Memory required for allocating data (MB): 2756
Device memory available after copying data (MB): 9173
Running 82732 streamlines in parallel using 2 STREAMS
Total number of streamlines: 103555000
Iteration 1 out of 2504
Iteration 2 out of 2504
Iteration 3 out of 2504
Iteration 4 out of 2504
Iteration 5 out of 2504
Iteration 6 out of 2504
Iteration 7 out of 2504
Iteration 8 out of 2504
Iteration 9 out of 2504
Iteration 10 out of 2504
Iteration 11 out of 2504
Iteration 12 out of 2504
Iteration 13 out of 2504
Iteration 14 out of 2504
Iteration 15 out of 2504
Iteration 16 out of 2504
Iteration 17 out of 2504
Iteration 18 out of 2504
Iteration 19 out of 2504
Iteration 20 out of 2504
Iteration 21 out of 2504
Iteration 22 out of 2504
Iteration 23 out of 2504
Iteration 24 out of 2504
Iteration 25 out of 2504
Iteration 26 out of 2504
Iteration 27 out of 2504
Iteration 28 out of 2504
Iteration 29 out of 2504
Iteration 30 out of 2504
Iteration 31 out of 2504
Iteration 32 out of 2504
Iteration 33 out of 2504
Iteration 34 out of 2504
Iteration 35 out of 2504
Iteration 36 out of 2504
Iteration 37 out of 2504
Iteration 38 out of 2504
Iteration 39 out of 2504
Iteration 40 out of 2504
Iteration 41 out of 2504
Iteration 42 out of 2504
Iteration 43 out of 2504
Iteration 44 out of 2504
Iteration 45 out of 2504
Iteration 46 out of 2504
Iteration 47 out of 2504
Iteration 48 out of 2504
Iteration 49 out of 2504
Iteration 50 out of 2504
Iteration 51 out of 2504
Iteration 52 out of 2504
Iteration 53 out of 2504
Iteration 54 out of 2504
Iteration 55 out of 2504
Iteration 56 out of 2504
Iteration 57 out of 2504
Iteration 58 out of 2504
Iteration 59 out of 2504
Iteration 60 out of 2504
Iteration 61 out of 2504
Iteration 62 out of 2504
Iteration 63 out of 2504
Iteration 64 out of 2504
Iteration 65 out of 2504
Iteration 66 out of 2504
Iteration 67 out of 2504
Iteration 68 out of 2504
Iteration 69 out of 2504
Iteration 70 out of 2504
Iteration 71 out of 2504
Iteration 72 out of 2504
Iteration 73 out of 2504
Iteration 74 out of 2504
Iteration 75 out of 2504
Iteration 76 out of 2504
Iteration 77 out of 2504
Iteration 78 out of 2504
Iteration 79 out of 2504
Iteration 80 out of 2504
Iteration 81 out of 2504
Iteration 82 out of 2504
Iteration 83 out of 2504
Iteration 84 out of 2504
Iteration 85 out of 2504
Iteration 86 out of 2504
Iteration 87 out of 2504
Iteration 88 out of 2504
Iteration 89 out of 2504
Iteration 90 out of 2504
Iteration 91 out of 2504
Iteration 92 out of 2504
Iteration 93 out of 2504
Iteration 94 out of 2504
Iteration 95 out of 2504
Iteration 96 out of 2504
Iteration 97 out of 2504
Iteration 98 out of 2504
Iteration 99 out of 2504
Iteration 100 out of 2504
Iteration 101 out of 2504
Iteration 102 out of 2504
Iteration 103 out of 2504
Iteration 104 out of 2504
Iteration 105 out of 2504
Iteration 106 out of 2504
Iteration 107 out of 2504
Iteration 108 out of 2504
Iteration 109 out of 2504
Iteration 110 out of 2504
Iteration 111 out of 2504
Iteration 112 out of 2504
Iteration 113 out of 2504
Iteration 114 out of 2504
Iteration 115 out of 2504
Iteration 116 out of 2504
Iteration 117 out of 2504
Iteration 118 out of 2504
Iteration 119 out of 2504
Iteration 120 out of 2504
Iteration 121 out of 2504
Iteration 122 out of 2504
Iteration 123 out of 2504
Iteration 124 out of 2504
Iteration 125 out of 2504
Iteration 126 out of 2504
Iteration 127 out of 2504
Iteration 128 out of 2504
Iteration 129 out of 2504
Iteration 130 out of 2504
Iteration 131 out of 2504
Iteration 132 out of 2504
Iteration 133 out of 2504
Iteration 134 out of 2504
Iteration 135 out of 2504
Iteration 136 out of 2504
Iteration 137 out of 2504
Iteration 138 out of 2504
Iteration 139 out of 2504
Iteration 140 out of 2504
Iteration 141 out of 2504
Iteration 142 out of 2504
Iteration 143 out of 2504
Iteration 144 out of 2504
Iteration 145 out of 2504
Iteration 146 out of 2504
Iteration 147 out of 2504
Iteration 148 out of 2504
Iteration 149 out of 2504
Iteration 150 out of 2504
Iteration 151 out of 2504
Iteration 152 out of 2504
Iteration 153 out of 2504
Iteration 154 out of 2504
Iteration 155 out of 2504
Iteration 156 out of 2504
Iteration 157 out of 2504
Iteration 158 out of 2504
Iteration 159 out of 2504
Iteration 160 out of 2504
Iteration 161 out of 2504
Iteration 162 out of 2504
Iteration 163 out of 2504
Iteration 164 out of 2504
Iteration 165 out of 2504
Iteration 166 out of 2504
Iteration 167 out of 2504
Iteration 168 out of 2504
Iteration 169 out of 2504
Iteration 170 out of 2504
Iteration 171 out of 2504
Iteration 172 out of 2504
Iteration 173 out of 2504
Iteration 174 out of 2504
Iteration 175 out of 2504
Iteration 176 out of 2504
Iteration 177 out of 2504
Iteration 178 out of 2504
Iteration 179 out of 2504
Iteration 180 out of 2504
Iteration 181 out of 2504
Iteration 182 out of 2504
Iteration 183 out of 2504
Iteration 184 out of 2504
Iteration 185 out of 2504
Iteration 186 out of 2504
Iteration 187 out of 2504
Iteration 188 out of 2504
Iteration 189 out of 2504
Iteration 190 out of 2504
Iteration 191 out of 2504
Iteration 192 out of 2504
Iteration 193 out of 2504
Iteration 194 out of 2504
Iteration 195 out of 2504
Iteration 196 out of 2504
Iteration 197 out of 2504
Iteration 198 out of 2504
Iteration 199 out of 2504
Iteration 200 out of 2504
Iteration 201 out of 2504
Iteration 202 out of 2504
Iteration 203 out of 2504
Iteration 204 out of 2504
Iteration 205 out of 2504
Iteration 206 out of 2504
Iteration 207 out of 2504
Iteration 208 out of 2504
Iteration 209 out of 2504
Iteration 210 out of 2504
Iteration 211 out of 2504
Iteration 212 out of 2504
Iteration 213 out of 2504
Iteration 214 out of 2504
Iteration 215 out of 2504
Iteration 216 out of 2504
Iteration 217 out of 2504
Iteration 218 out of 2504
Iteration 219 out of 2504
Iteration 220 out of 2504
Iteration 221 out of 2504
Iteration 222 out of 2504
Iteration 223 out of 2504
Iteration 224 out of 2504
Iteration 225 out of 2504
Iteration 226 out of 2504
Iteration 227 out of 2504
Iteration 228 out of 2504
Iteration 229 out of 2504
Iteration 230 out of 2504
Iteration 231 out of 2504
Iteration 232 out of 2504
Iteration 233 out of 2504
Iteration 234 out of 2504
Iteration 235 out of 2504
Iteration 236 out of 2504
Iteration 237 out of 2504
Iteration 238 out of 2504
Iteration 239 out of 2504
Iteration 240 out of 2504
Iteration 241 out of 2504
Iteration 242 out of 2504
Iteration 243 out of 2504
Iteration 244 out of 2504
Iteration 245 out of 2504
Iteration 246 out of 2504
Iteration 247 out of 2504
Iteration 248 out of 2504
Iteration 249 out of 2504
Iteration 250 out of 2504
Iteration 251 out of 2504
Iteration 252 out of 2504
Iteration 253 out of 2504
Iteration 254 out of 2504
Iteration 255 out of 2504
Iteration 256 out of 2504
Iteration 257 out of 2504
Iteration 258 out of 2504
Iteration 259 out of 2504
Iteration 260 out of 2504
Iteration 261 out of 2504
Iteration 262 out of 2504
Iteration 263 out of 2504
Iteration 264 out of 2504
Iteration 265 out of 2504
Iteration 266 out of 2504
Iteration 267 out of 2504
Iteration 268 out of 2504
Iteration 269 out of 2504
Iteration 270 out of 2504
Iteration 271 out of 2504
Iteration 272 out of 2504
Iteration 273 out of 2504
Iteration 274 out of 2504
Iteration 275 out of 2504
Iteration 276 out of 2504
Iteration 277 out of 2504
Iteration 278 out of 2504
Iteration 279 out of 2504
Iteration 280 out of 2504
Iteration 281 out of 2504
Iteration 282 out of 2504
Iteration 283 out of 2504
Iteration 284 out of 2504
Iteration 285 out of 2504
Iteration 286 out of 2504
Iteration 287 out of 2504
Iteration 288 out of 2504
Iteration 289 out of 2504
Iteration 290 out of 2504
Iteration 291 out of 2504
Iteration 292 out of 2504
Iteration 293 out of 2504
Iteration 294 out of 2504
Iteration 295 out of 2504
Iteration 296 out of 2504
Iteration 297 out of 2504
Iteration 298 out of 2504
Iteration 299 out of 2504
Iteration 300 out of 2504
Iteration 301 out of 2504
Iteration 302 out of 2504
Iteration 303 out of 2504
Iteration 304 out of 2504
Iteration 305 out of 2504
Iteration 306 out of 2504
Iteration 307 out of 2504
Iteration 308 out of 2504
Iteration 309 out of 2504
Iteration 310 out of 2504
Iteration 311 out of 2504
Iteration 312 out of 2504
Iteration 313 out of 2504
Iteration 314 out of 2504
Iteration 315 out of 2504
Iteration 316 out of 2504
Iteration 317 out of 2504
Iteration 318 out of 2504
Iteration 319 out of 2504
Iteration 320 out of 2504
Iteration 321 out of 2504
Iteration 322 out of 2504
Iteration 323 out of 2504
Iteration 324 out of 2504
Iteration 325 out of 2504
Iteration 326 out of 2504
Iteration 327 out of 2504
Iteration 328 out of 2504
Iteration 329 out of 2504
Iteration 330 out of 2504
Iteration 331 out of 2504
Iteration 332 out of 2504
Iteration 333 out of 2504
Iteration 334 out of 2504
Iteration 335 out of 2504
Iteration 336 out of 2504
Iteration 337 out of 2504
Iteration 338 out of 2504
Iteration 339 out of 2504
Iteration 340 out of 2504
Iteration 341 out of 2504
Iteration 342 out of 2504
Iteration 343 out of 2504
Iteration 344 out of 2504
Iteration 345 out of 2504
Iteration 346 out of 2504
Iteration 347 out of 2504
Iteration 348 out of 2504
Iteration 349 out of 2504
Iteration 350 out of 2504
Iteration 351 out of 2504
Iteration 352 out of 2504
Iteration 353 out of 2504
Iteration 354 out of 2504
Iteration 355 out of 2504
Iteration 356 out of 2504
Iteration 357 out of 2504
Iteration 358 out of 2504
Iteration 359 out of 2504
Iteration 360 out of 2504
Iteration 361 out of 2504
Iteration 362 out of 2504
Iteration 363 out of 2504
Iteration 364 out of 2504
Iteration 365 out of 2504
Iteration 366 out of 2504
Iteration 367 out of 2504
Iteration 368 out of 2504
Iteration 369 out of 2504
Iteration 370 out of 2504
Iteration 371 out of 2504
Iteration 372 out of 2504
Iteration 373 out of 2504
Iteration 374 out of 2504
Iteration 375 out of 2504
Iteration 376 out of 2504
Iteration 377 out of 2504
Iteration 378 out of 2504
Iteration 379 out of 2504
Iteration 380 out of 2504
Iteration 381 out of 2504
Iteration 382 out of 2504
Iteration 383 out of 2504
Iteration 384 out of 2504
Iteration 385 out of 2504
Iteration 386 out of 2504
Iteration 387 out of 2504
Iteration 388 out of 2504
Iteration 389 out of 2504
Iteration 390 out of 2504
Iteration 391 out of 2504
Iteration 392 out of 2504
Iteration 393 out of 2504
Iteration 394 out of 2504
Iteration 395 out of 2504
Iteration 396 out of 2504
Iteration 397 out of 2504
Iteration 398 out of 2504
Iteration 399 out of 2504
Iteration 400 out of 2504
Iteration 401 out of 2504
Iteration 402 out of 2504
Iteration 403 out of 2504
Iteration 404 out of 2504
Iteration 405 out of 2504
Iteration 406 out of 2504
Iteration 407 out of 2504
Iteration 408 out of 2504
Iteration 409 out of 2504
Iteration 410 out of 2504
Iteration 411 out of 2504
Iteration 412 out of 2504
Iteration 413 out of 2504
Iteration 414 out of 2504
Iteration 415 out of 2504
Iteration 416 out of 2504
Iteration 417 out of 2504
Iteration 418 out of 2504
Iteration 419 out of 2504
Iteration 420 out of 2504
Iteration 421 out of 2504
Iteration 422 out of 2504
Iteration 423 out of 2504
Iteration 424 out of 2504
Iteration 425 out of 2504
Iteration 426 out of 2504
Iteration 427 out of 2504
Iteration 428 out of 2504
Iteration 429 out of 2504
Iteration 430 out of 2504
Iteration 431 out of 2504
Iteration 432 out of 2504
Iteration 433 out of 2504
Iteration 434 out of 2504
Iteration 435 out of 2504
Iteration 436 out of 2504
Iteration 437 out of 2504
Iteration 438 out of 2504
Iteration 439 out of 2504
Iteration 440 out of 2504
Iteration 441 out of 2504
Iteration 442 out of 2504
Iteration 443 out of 2504
Iteration 444 out of 2504
Iteration 445 out of 2504
Iteration 446 out of 2504
Iteration 447 out of 2504
Iteration 448 out of 2504
Iteration 449 out of 2504
Iteration 450 out of 2504
Iteration 451 out of 2504
Iteration 452 out of 2504
Iteration 453 out of 2504
Iteration 454 out of 2504
Iteration 455 out of 2504
Iteration 456 out of 2504
Iteration 457 out of 2504
Iteration 458 out of 2504
Iteration 459 out of 2504
Iteration 460 out of 2504
Iteration 461 out of 2504
Iteration 462 out of 2504
Iteration 463 out of 2504
Iteration 464 out of 2504
Iteration 465 out of 2504
Iteration 466 out of 2504
Iteration 467 out of 2504
Iteration 468 out of 2504
Iteration 469 out of 2504
Iteration 470 out of 2504
Iteration 471 out of 2504
Iteration 472 out of 2504
Iteration 473 out of 2504
Iteration 474 out of 2504
Iteration 475 out of 2504
Iteration 476 out of 2504
Iteration 477 out of 2504
Iteration 478 out of 2504
Iteration 479 out of 2504
Iteration 480 out of 2504
Iteration 481 out of 2504
Iteration 482 out of 2504
Iteration 483 out of 2504
Iteration 484 out of 2504
Iteration 485 out of 2504
Iteration 486 out of 2504
Iteration 487 out of 2504
Iteration 488 out of 2504
Iteration 489 out of 2504
Iteration 490 out of 2504
Iteration 491 out of 2504
Iteration 492 out of 2504
Iteration 493 out of 2504
Iteration 494 out of 2504
Iteration 495 out of 2504
Iteration 496 out of 2504
Iteration 497 out of 2504
Iteration 498 out of 2504
Iteration 499 out of 2504
Iteration 500 out of 2504
Iteration 501 out of 2504
Iteration 502 out of 2504
Iteration 503 out of 2504
Iteration 504 out of 2504
Iteration 505 out of 2504
Iteration 506 out of 2504
Iteration 507 out of 2504
Iteration 508 out of 2504
Iteration 509 out of 2504
Iteration 510 out of 2504
Iteration 511 out of 2504
Iteration 512 out of 2504
Iteration 513 out of 2504
Iteration 514 out of 2504
Iteration 515 out of 2504
Iteration 516 out of 2504
Iteration 517 out of 2504
Iteration 518 out of 2504
Iteration 519 out of 2504
Iteration 520 out of 2504
Iteration 521 out of 2504
Iteration 522 out of 2504
Iteration 523 out of 2504
Iteration 524 out of 2504
Iteration 525 out of 2504
Iteration 526 out of 2504
Iteration 527 out of 2504
Iteration 528 out of 2504
Iteration 529 out of 2504
Iteration 530 out of 2504
Iteration 531 out of 2504
Iteration 532 out of 2504
Iteration 533 out of 2504
Iteration 534 out of 2504
Iteration 535 out of 2504
Iteration 536 out of 2504
Iteration 537 out of 2504
Iteration 538 out of 2504
Iteration 539 out of 2504
Iteration 540 out of 2504
Iteration 541 out of 2504
Iteration 542 out of 2504
Iteration 543 out of 2504
Iteration 544 out of 2504
Iteration 545 out of 2504
Iteration 546 out of 2504
Iteration 547 out of 2504
Iteration 548 out of 2504
Iteration 549 out of 2504
Iteration 550 out of 2504
Iteration 551 out of 2504
Iteration 552 out of 2504
Iteration 553 out of 2504
Iteration 554 out of 2504
Iteration 555 out of 2504
Iteration 556 out of 2504
Iteration 557 out of 2504
Iteration 558 out of 2504
Iteration 559 out of 2504
Iteration 560 out of 2504
Iteration 561 out of 2504
Iteration 562 out of 2504
Iteration 563 out of 2504
Iteration 564 out of 2504
Iteration 565 out of 2504
Iteration 566 out of 2504
Iteration 567 out of 2504
Iteration 568 out of 2504
Iteration 569 out of 2504
Iteration 570 out of 2504
Iteration 571 out of 2504
Iteration 572 out of 2504
Iteration 573 out of 2504
Iteration 574 out of 2504
Iteration 575 out of 2504
Iteration 576 out of 2504
Iteration 577 out of 2504
Iteration 578 out of 2504
Iteration 579 out of 2504
Iteration 580 out of 2504
Iteration 581 out of 2504
Iteration 582 out of 2504
Iteration 583 out of 2504
Iteration 584 out of 2504
Iteration 585 out of 2504
Iteration 586 out of 2504
Iteration 587 out of 2504
Iteration 588 out of 2504
Iteration 589 out of 2504
Iteration 590 out of 2504
Iteration 591 out of 2504
Iteration 592 out of 2504
Iteration 593 out of 2504
Iteration 594 out of 2504
Iteration 595 out of 2504
Iteration 596 out of 2504
Iteration 597 out of 2504
Iteration 598 out of 2504
Iteration 599 out of 2504
Iteration 600 out of 2504
Iteration 601 out of 2504
Iteration 602 out of 2504
Iteration 603 out of 2504
Iteration 604 out of 2504
Iteration 605 out of 2504
Iteration 606 out of 2504
Iteration 607 out of 2504
Iteration 608 out of 2504
Iteration 609 out of 2504
Iteration 610 out of 2504
Iteration 611 out of 2504
Iteration 612 out of 2504
Iteration 613 out of 2504
Iteration 614 out of 2504
Iteration 615 out of 2504
Iteration 616 out of 2504
Iteration 617 out of 2504
Iteration 618 out of 2504
Iteration 619 out of 2504
Iteration 620 out of 2504
Iteration 621 out of 2504
Iteration 622 out of 2504
Iteration 623 out of 2504
Iteration 624 out of 2504
Iteration 625 out of 2504
Iteration 626 out of 2504
Iteration 627 out of 2504
Iteration 628 out of 2504
Iteration 629 out of 2504
Iteration 630 out of 2504
Iteration 631 out of 2504
Iteration 632 out of 2504
Iteration 633 out of 2504
Iteration 634 out of 2504
Iteration 635 out of 2504
Iteration 636 out of 2504
Iteration 637 out of 2504
Iteration 638 out of 2504
Iteration 639 out of 2504
Iteration 640 out of 2504
Iteration 641 out of 2504
Iteration 642 out of 2504
Iteration 643 out of 2504
Iteration 644 out of 2504
Iteration 645 out of 2504
Iteration 646 out of 2504
Iteration 647 out of 2504
Iteration 648 out of 2504
Iteration 649 out of 2504
Iteration 650 out of 2504
Iteration 651 out of 2504
Iteration 652 out of 2504
Iteration 653 out of 2504
Iteration 654 out of 2504
Iteration 655 out of 2504
Iteration 656 out of 2504
Iteration 657 out of 2504
Iteration 658 out of 2504
Iteration 659 out of 2504
Iteration 660 out of 2504
Iteration 661 out of 2504
Iteration 662 out of 2504
Iteration 663 out of 2504
Iteration 664 out of 2504
Iteration 665 out of 2504
Iteration 666 out of 2504
Iteration 667 out of 2504
Iteration 668 out of 2504
Iteration 669 out of 2504
Iteration 670 out of 2504
Iteration 671 out of 2504
Iteration 672 out of 2504
Iteration 673 out of 2504
Iteration 674 out of 2504
Iteration 675 out of 2504
Iteration 676 out of 2504
Iteration 677 out of 2504
Iteration 678 out of 2504
Iteration 679 out of 2504
Iteration 680 out of 2504
Iteration 681 out of 2504
Iteration 682 out of 2504
Iteration 683 out of 2504
Iteration 684 out of 2504
Iteration 685 out of 2504
Iteration 686 out of 2504
Iteration 687 out of 2504
Iteration 688 out of 2504
Iteration 689 out of 2504
Iteration 690 out of 2504
Iteration 691 out of 2504
Iteration 692 out of 2504
Iteration 693 out of 2504
Iteration 694 out of 2504
Iteration 695 out of 2504
Iteration 696 out of 2504
Iteration 697 out of 2504
Iteration 698 out of 2504
Iteration 699 out of 2504
Iteration 700 out of 2504
Iteration 701 out of 2504
Iteration 702 out of 2504
Iteration 703 out of 2504
Iteration 704 out of 2504
Iteration 705 out of 2504
Iteration 706 out of 2504
Iteration 707 out of 2504
Iteration 708 out of 2504
Iteration 709 out of 2504
Iteration 710 out of 2504
Iteration 711 out of 2504
Iteration 712 out of 2504
Iteration 713 out of 2504
Iteration 714 out of 2504
Iteration 715 out of 2504
Iteration 716 out of 2504
Iteration 717 out of 2504
Iteration 718 out of 2504
Iteration 719 out of 2504
Iteration 720 out of 2504
Iteration 721 out of 2504
Iteration 722 out of 2504
Iteration 723 out of 2504
Iteration 724 out of 2504
Iteration 725 out of 2504
Iteration 726 out of 2504
Iteration 727 out of 2504
Iteration 728 out of 2504
Iteration 729 out of 2504
Iteration 730 out of 2504
Iteration 731 out of 2504
Iteration 732 out of 2504
Iteration 733 out of 2504
Iteration 734 out of 2504
Iteration 735 out of 2504
Iteration 736 out of 2504
Iteration 737 out of 2504
Iteration 738 out of 2504
Iteration 739 out of 2504
Iteration 740 out of 2504
Iteration 741 out of 2504
Iteration 742 out of 2504
Iteration 743 out of 2504
Iteration 744 out of 2504
Iteration 745 out of 2504
Iteration 746 out of 2504
Iteration 747 out of 2504
Iteration 748 out of 2504
Iteration 749 out of 2504
Iteration 750 out of 2504
Iteration 751 out of 2504
Iteration 752 out of 2504
Iteration 753 out of 2504
Iteration 754 out of 2504
Iteration 755 out of 2504
Iteration 756 out of 2504
Iteration 757 out of 2504
Iteration 758 out of 2504
Iteration 759 out of 2504
Iteration 760 out of 2504
Iteration 761 out of 2504
Iteration 762 out of 2504
Iteration 763 out of 2504
Iteration 764 out of 2504
Iteration 765 out of 2504
Iteration 766 out of 2504
Iteration 767 out of 2504
Iteration 768 out of 2504
Iteration 769 out of 2504
Iteration 770 out of 2504
Iteration 771 out of 2504
Iteration 772 out of 2504
Iteration 773 out of 2504
Iteration 774 out of 2504
Iteration 775 out of 2504
Iteration 776 out of 2504
Iteration 777 out of 2504
Iteration 778 out of 2504
Iteration 779 out of 2504
Iteration 780 out of 2504
Iteration 781 out of 2504
Iteration 782 out of 2504
Iteration 783 out of 2504
Iteration 784 out of 2504
Iteration 785 out of 2504
Iteration 786 out of 2504
Iteration 787 out of 2504
Iteration 788 out of 2504
Iteration 789 out of 2504
Iteration 790 out of 2504
Iteration 791 out of 2504
Iteration 792 out of 2504
Iteration 793 out of 2504
Iteration 794 out of 2504
Iteration 795 out of 2504
Iteration 796 out of 2504
Iteration 797 out of 2504
Iteration 798 out of 2504
Iteration 799 out of 2504
Iteration 800 out of 2504
Iteration 801 out of 2504
Iteration 802 out of 2504
Iteration 803 out of 2504
Iteration 804 out of 2504
Iteration 805 out of 2504
Iteration 806 out of 2504
Iteration 807 out of 2504
Iteration 808 out of 2504
Iteration 809 out of 2504
Iteration 810 out of 2504
Iteration 811 out of 2504
Iteration 812 out of 2504
Iteration 813 out of 2504
Iteration 814 out of 2504
Iteration 815 out of 2504
Iteration 816 out of 2504
Iteration 817 out of 2504
Iteration 818 out of 2504
Iteration 819 out of 2504
Iteration 820 out of 2504
Iteration 821 out of 2504
Iteration 822 out of 2504
Iteration 823 out of 2504
Iteration 824 out of 2504
Iteration 825 out of 2504
Iteration 826 out of 2504
Iteration 827 out of 2504
Iteration 828 out of 2504
Iteration 829 out of 2504
Iteration 830 out of 2504
Iteration 831 out of 2504
Iteration 832 out of 2504
Iteration 833 out of 2504
Iteration 834 out of 2504
Iteration 835 out of 2504
Iteration 836 out of 2504
Iteration 837 out of 2504
Iteration 838 out of 2504
Iteration 839 out of 2504
Iteration 840 out of 2504
Iteration 841 out of 2504
Iteration 842 out of 2504
Iteration 843 out of 2504
Iteration 844 out of 2504
Iteration 845 out of 2504
Iteration 846 out of 2504
Iteration 847 out of 2504
Iteration 848 out of 2504
Iteration 849 out of 2504
Iteration 850 out of 2504
Iteration 851 out of 2504
Iteration 852 out of 2504
Iteration 853 out of 2504
Iteration 854 out of 2504
Iteration 855 out of 2504
Iteration 856 out of 2504
Iteration 857 out of 2504
Iteration 858 out of 2504
Iteration 859 out of 2504
Iteration 860 out of 2504
Iteration 861 out of 2504
Iteration 862 out of 2504
Iteration 863 out of 2504
Iteration 864 out of 2504
Iteration 865 out of 2504
Iteration 866 out of 2504
Iteration 867 out of 2504
Iteration 868 out of 2504
Iteration 869 out of 2504
Iteration 870 out of 2504
Iteration 871 out of 2504
Iteration 872 out of 2504
Iteration 873 out of 2504
Iteration 874 out of 2504
Iteration 875 out of 2504
Iteration 876 out of 2504
Iteration 877 out of 2504
Iteration 878 out of 2504
Iteration 879 out of 2504
Iteration 880 out of 2504
Iteration 881 out of 2504
Iteration 882 out of 2504
Iteration 883 out of 2504
Iteration 884 out of 2504
Iteration 885 out of 2504
Iteration 886 out of 2504
Iteration 887 out of 2504
Iteration 888 out of 2504
Iteration 889 out of 2504
Iteration 890 out of 2504
Iteration 891 out of 2504
Iteration 892 out of 2504
Iteration 893 out of 2504
Iteration 894 out of 2504
Iteration 895 out of 2504
Iteration 896 out of 2504
Iteration 897 out of 2504
Iteration 898 out of 2504
Iteration 899 out of 2504
Iteration 900 out of 2504
Iteration 901 out of 2504
Iteration 902 out of 2504
Iteration 903 out of 2504
Iteration 904 out of 2504
Iteration 905 out of 2504
Iteration 906 out of 2504
Iteration 907 out of 2504
Iteration 908 out of 2504
Iteration 909 out of 2504
Iteration 910 out of 2504
Iteration 911 out of 2504
Iteration 912 out of 2504
Iteration 913 out of 2504
Iteration 914 out of 2504
Iteration 915 out of 2504
Iteration 916 out of 2504
Iteration 917 out of 2504
Iteration 918 out of 2504
Iteration 919 out of 2504
Iteration 920 out of 2504
Iteration 921 out of 2504
Iteration 922 out of 2504
Iteration 923 out of 2504
Iteration 924 out of 2504
Iteration 925 out of 2504
Iteration 926 out of 2504
Iteration 927 out of 2504
Iteration 928 out of 2504
Iteration 929 out of 2504
Iteration 930 out of 2504
Iteration 931 out of 2504
Iteration 932 out of 2504
Iteration 933 out of 2504
Iteration 934 out of 2504
Iteration 935 out of 2504
Iteration 936 out of 2504
Iteration 937 out of 2504
Iteration 938 out of 2504
Iteration 939 out of 2504
Iteration 940 out of 2504
Iteration 941 out of 2504
Iteration 942 out of 2504
Iteration 943 out of 2504
Iteration 944 out of 2504
Iteration 945 out of 2504
Iteration 946 out of 2504
Iteration 947 out of 2504
Iteration 948 out of 2504
Iteration 949 out of 2504
Iteration 950 out of 2504
Iteration 951 out of 2504
Iteration 952 out of 2504
Iteration 953 out of 2504
Iteration 954 out of 2504
Iteration 955 out of 2504
Iteration 956 out of 2504
Iteration 957 out of 2504
Iteration 958 out of 2504
Iteration 959 out of 2504
Iteration 960 out of 2504
Iteration 961 out of 2504
Iteration 962 out of 2504
Iteration 963 out of 2504
Iteration 964 out of 2504
Iteration 965 out of 2504
Iteration 966 out of 2504
Iteration 967 out of 2504
Iteration 968 out of 2504
Iteration 969 out of 2504
Iteration 970 out of 2504
Iteration 971 out of 2504
Iteration 972 out of 2504
Iteration 973 out of 2504
Iteration 974 out of 2504
Iteration 975 out of 2504
Iteration 976 out of 2504
Iteration 977 out of 2504
Iteration 978 out of 2504
Iteration 979 out of 2504
Iteration 980 out of 2504
Iteration 981 out of 2504
Iteration 982 out of 2504
Iteration 983 out of 2504
Iteration 984 out of 2504
Iteration 985 out of 2504
Iteration 986 out of 2504
Iteration 987 out of 2504
Iteration 988 out of 2504
Iteration 989 out of 2504
Iteration 990 out of 2504
Iteration 991 out of 2504
Iteration 992 out of 2504
Iteration 993 out of 2504
Iteration 994 out of 2504
Iteration 995 out of 2504
Iteration 996 out of 2504
Iteration 997 out of 2504
Iteration 998 out of 2504
Iteration 999 out of 2504
Iteration 1000 out of 2504
Iteration 1001 out of 2504
Iteration 1002 out of 2504
Iteration 1003 out of 2504
Iteration 1004 out of 2504
Iteration 1005 out of 2504
Iteration 1006 out of 2504
Iteration 1007 out of 2504
Iteration 1008 out of 2504
Iteration 1009 out of 2504
Iteration 1010 out of 2504
Iteration 1011 out of 2504
Iteration 1012 out of 2504
Iteration 1013 out of 2504
Iteration 1014 out of 2504
Iteration 1015 out of 2504
Iteration 1016 out of 2504
Iteration 1017 out of 2504
Iteration 1018 out of 2504
Iteration 1019 out of 2504
Iteration 1020 out of 2504
Iteration 1021 out of 2504
Iteration 1022 out of 2504
Iteration 1023 out of 2504
Iteration 1024 out of 2504
Iteration 1025 out of 2504
Iteration 1026 out of 2504
Iteration 1027 out of 2504
Iteration 1028 out of 2504
Iteration 1029 out of 2504
Iteration 1030 out of 2504
Iteration 1031 out of 2504
Iteration 1032 out of 2504
Iteration 1033 out of 2504
Iteration 1034 out of 2504
Iteration 1035 out of 2504
Iteration 1036 out of 2504
Iteration 1037 out of 2504
Iteration 1038 out of 2504
Iteration 1039 out of 2504
Iteration 1040 out of 2504
Iteration 1041 out of 2504
Iteration 1042 out of 2504
Iteration 1043 out of 2504
Iteration 1044 out of 2504
Iteration 1045 out of 2504
Iteration 1046 out of 2504
Iteration 1047 out of 2504
Iteration 1048 out of 2504
Iteration 1049 out of 2504
Iteration 1050 out of 2504
Iteration 1051 out of 2504
Iteration 1052 out of 2504
Iteration 1053 out of 2504
Iteration 1054 out of 2504
Iteration 1055 out of 2504
Iteration 1056 out of 2504
Iteration 1057 out of 2504
Iteration 1058 out of 2504
Iteration 1059 out of 2504
Iteration 1060 out of 2504
Iteration 1061 out of 2504
Iteration 1062 out of 2504
Iteration 1063 out of 2504
Iteration 1064 out of 2504
Iteration 1065 out of 2504
Iteration 1066 out of 2504
Iteration 1067 out of 2504
Iteration 1068 out of 2504
Iteration 1069 out of 2504
Iteration 1070 out of 2504
Iteration 1071 out of 2504
Iteration 1072 out of 2504
Iteration 1073 out of 2504
Iteration 1074 out of 2504
Iteration 1075 out of 2504
Iteration 1076 out of 2504
Iteration 1077 out of 2504
Iteration 1078 out of 2504
Iteration 1079 out of 2504
Iteration 1080 out of 2504
Iteration 1081 out of 2504
Iteration 1082 out of 2504
Iteration 1083 out of 2504
Iteration 1084 out of 2504
Iteration 1085 out of 2504
Iteration 1086 out of 2504
Iteration 1087 out of 2504
Iteration 1088 out of 2504
Iteration 1089 out of 2504
Iteration 1090 out of 2504
Iteration 1091 out of 2504
Iteration 1092 out of 2504
Iteration 1093 out of 2504
Iteration 1094 out of 2504
Iteration 1095 out of 2504
Iteration 1096 out of 2504
Iteration 1097 out of 2504
Iteration 1098 out of 2504
Iteration 1099 out of 2504
Iteration 1100 out of 2504
Iteration 1101 out of 2504
Iteration 1102 out of 2504
Iteration 1103 out of 2504
Iteration 1104 out of 2504
Iteration 1105 out of 2504
Iteration 1106 out of 2504
Iteration 1107 out of 2504
Iteration 1108 out of 2504
Iteration 1109 out of 2504
Iteration 1110 out of 2504
Iteration 1111 out of 2504
Iteration 1112 out of 2504
Iteration 1113 out of 2504
Iteration 1114 out of 2504
Iteration 1115 out of 2504
Iteration 1116 out of 2504
Iteration 1117 out of 2504
Iteration 1118 out of 2504
Iteration 1119 out of 2504
Iteration 1120 out of 2504
Iteration 1121 out of 2504
Iteration 1122 out of 2504
Iteration 1123 out of 2504
Iteration 1124 out of 2504
Iteration 1125 out of 2504
Iteration 1126 out of 2504
Iteration 1127 out of 2504
Iteration 1128 out of 2504
Iteration 1129 out of 2504
Iteration 1130 out of 2504
Iteration 1131 out of 2504
Iteration 1132 out of 2504
Iteration 1133 out of 2504
Iteration 1134 out of 2504
Iteration 1135 out of 2504
Iteration 1136 out of 2504
Iteration 1137 out of 2504
Iteration 1138 out of 2504
Iteration 1139 out of 2504
Iteration 1140 out of 2504
Iteration 1141 out of 2504
Iteration 1142 out of 2504
Iteration 1143 out of 2504
Iteration 1144 out of 2504
Iteration 1145 out of 2504
Iteration 1146 out of 2504
Iteration 1147 out of 2504
Iteration 1148 out of 2504
Iteration 1149 out of 2504
Iteration 1150 out of 2504
Iteration 1151 out of 2504
Iteration 1152 out of 2504
Iteration 1153 out of 2504
Iteration 1154 out of 2504
Iteration 1155 out of 2504
Iteration 1156 out of 2504
Iteration 1157 out of 2504
Iteration 1158 out of 2504
Iteration 1159 out of 2504
Iteration 1160 out of 2504
Iteration 1161 out of 2504
Iteration 1162 out of 2504
Iteration 1163 out of 2504
Iteration 1164 out of 2504
Iteration 1165 out of 2504
Iteration 1166 out of 2504
Iteration 1167 out of 2504
Iteration 1168 out of 2504
Iteration 1169 out of 2504
Iteration 1170 out of 2504
Iteration 1171 out of 2504
Iteration 1172 out of 2504
Iteration 1173 out of 2504
Iteration 1174 out of 2504
Iteration 1175 out of 2504
Iteration 1176 out of 2504
Iteration 1177 out of 2504
Iteration 1178 out of 2504
Iteration 1179 out of 2504
Iteration 1180 out of 2504
Iteration 1181 out of 2504
Iteration 1182 out of 2504
Iteration 1183 out of 2504
Iteration 1184 out of 2504
Iteration 1185 out of 2504
Iteration 1186 out of 2504
Iteration 1187 out of 2504
Iteration 1188 out of 2504
Iteration 1189 out of 2504
Iteration 1190 out of 2504
Iteration 1191 out of 2504
Iteration 1192 out of 2504
Iteration 1193 out of 2504
Iteration 1194 out of 2504
Iteration 1195 out of 2504
Iteration 1196 out of 2504
Iteration 1197 out of 2504
Iteration 1198 out of 2504
Iteration 1199 out of 2504
Iteration 1200 out of 2504
Iteration 1201 out of 2504
Iteration 1202 out of 2504
Iteration 1203 out of 2504
Iteration 1204 out of 2504
Iteration 1205 out of 2504
Iteration 1206 out of 2504
Iteration 1207 out of 2504
Iteration 1208 out of 2504
Iteration 1209 out of 2504
Iteration 1210 out of 2504
Iteration 1211 out of 2504
Iteration 1212 out of 2504
Iteration 1213 out of 2504
Iteration 1214 out of 2504
Iteration 1215 out of 2504
Iteration 1216 out of 2504
Iteration 1217 out of 2504
Iteration 1218 out of 2504
Iteration 1219 out of 2504
Iteration 1220 out of 2504
Iteration 1221 out of 2504
Iteration 1222 out of 2504
Iteration 1223 out of 2504
Iteration 1224 out of 2504
Iteration 1225 out of 2504
Iteration 1226 out of 2504
Iteration 1227 out of 2504
Iteration 1228 out of 2504
Iteration 1229 out of 2504
Iteration 1230 out of 2504
Iteration 1231 out of 2504
Iteration 1232 out of 2504
Iteration 1233 out of 2504
Iteration 1234 out of 2504
Iteration 1235 out of 2504
Iteration 1236 out of 2504
Iteration 1237 out of 2504
Iteration 1238 out of 2504
Iteration 1239 out of 2504
Iteration 1240 out of 2504
Iteration 1241 out of 2504
Iteration 1242 out of 2504
Iteration 1243 out of 2504
Iteration 1244 out of 2504
Iteration 1245 out of 2504
Iteration 1246 out of 2504
Iteration 1247 out of 2504
Iteration 1248 out of 2504
Iteration 1249 out of 2504
Iteration 1250 out of 2504
Iteration 1251 out of 2504
Iteration 1252 out of 2504
Iteration 1253 out of 2504
Iteration 1254 out of 2504
Iteration 1255 out of 2504
Iteration 1256 out of 2504
Iteration 1257 out of 2504
Iteration 1258 out of 2504
Iteration 1259 out of 2504
Iteration 1260 out of 2504
Iteration 1261 out of 2504
Iteration 1262 out of 2504
Iteration 1263 out of 2504
Iteration 1264 out of 2504
Iteration 1265 out of 2504
Iteration 1266 out of 2504
Iteration 1267 out of 2504
Iteration 1268 out of 2504
Iteration 1269 out of 2504
Iteration 1270 out of 2504
Iteration 1271 out of 2504
Iteration 1272 out of 2504
Iteration 1273 out of 2504
Iteration 1274 out of 2504
Iteration 1275 out of 2504
Iteration 1276 out of 2504
Iteration 1277 out of 2504
Iteration 1278 out of 2504
Iteration 1279 out of 2504
Iteration 1280 out of 2504
Iteration 1281 out of 2504
Iteration 1282 out of 2504
Iteration 1283 out of 2504
Iteration 1284 out of 2504
Iteration 1285 out of 2504
Iteration 1286 out of 2504
Iteration 1287 out of 2504
Iteration 1288 out of 2504
Iteration 1289 out of 2504
Iteration 1290 out of 2504
Iteration 1291 out of 2504
Iteration 1292 out of 2504
Iteration 1293 out of 2504
Iteration 1294 out of 2504
Iteration 1295 out of 2504
Iteration 1296 out of 2504
Iteration 1297 out of 2504
Iteration 1298 out of 2504
Iteration 1299 out of 2504
Iteration 1300 out of 2504
Iteration 1301 out of 2504
Iteration 1302 out of 2504
Iteration 1303 out of 2504
Iteration 1304 out of 2504
Iteration 1305 out of 2504
Iteration 1306 out of 2504
Iteration 1307 out of 2504
Iteration 1308 out of 2504
Iteration 1309 out of 2504
Iteration 1310 out of 2504
Iteration 1311 out of 2504
Iteration 1312 out of 2504
Iteration 1313 out of 2504
Iteration 1314 out of 2504
Iteration 1315 out of 2504
Iteration 1316 out of 2504
Iteration 1317 out of 2504
Iteration 1318 out of 2504
Iteration 1319 out of 2504
Iteration 1320 out of 2504
Iteration 1321 out of 2504
Iteration 1322 out of 2504
Iteration 1323 out of 2504
Iteration 1324 out of 2504
Iteration 1325 out of 2504
Iteration 1326 out of 2504
Iteration 1327 out of 2504
Iteration 1328 out of 2504
Iteration 1329 out of 2504
Iteration 1330 out of 2504
Iteration 1331 out of 2504
Iteration 1332 out of 2504
Iteration 1333 out of 2504
Iteration 1334 out of 2504
Iteration 1335 out of 2504
Iteration 1336 out of 2504
Iteration 1337 out of 2504
Iteration 1338 out of 2504
Iteration 1339 out of 2504
Iteration 1340 out of 2504
Iteration 1341 out of 2504
Iteration 1342 out of 2504
Iteration 1343 out of 2504
Iteration 1344 out of 2504
Iteration 1345 out of 2504
Iteration 1346 out of 2504
Iteration 1347 out of 2504
Iteration 1348 out of 2504
Iteration 1349 out of 2504
Iteration 1350 out of 2504
Iteration 1351 out of 2504
Iteration 1352 out of 2504
Iteration 1353 out of 2504
Iteration 1354 out of 2504
Iteration 1355 out of 2504
Iteration 1356 out of 2504
Iteration 1357 out of 2504
Iteration 1358 out of 2504
Iteration 1359 out of 2504
Iteration 1360 out of 2504
Iteration 1361 out of 2504
Iteration 1362 out of 2504
Iteration 1363 out of 2504
Iteration 1364 out of 2504
Iteration 1365 out of 2504
Iteration 1366 out of 2504
Iteration 1367 out of 2504
Iteration 1368 out of 2504
Iteration 1369 out of 2504
Iteration 1370 out of 2504
Iteration 1371 out of 2504
Iteration 1372 out of 2504
Iteration 1373 out of 2504
Iteration 1374 out of 2504
Iteration 1375 out of 2504
Iteration 1376 out of 2504
Iteration 1377 out of 2504
Iteration 1378 out of 2504
Iteration 1379 out of 2504
Iteration 1380 out of 2504
Iteration 1381 out of 2504
Iteration 1382 out of 2504
Iteration 1383 out of 2504
Iteration 1384 out of 2504
Iteration 1385 out of 2504
Iteration 1386 out of 2504
Iteration 1387 out of 2504
Iteration 1388 out of 2504
Iteration 1389 out of 2504
Iteration 1390 out of 2504
Iteration 1391 out of 2504
Iteration 1392 out of 2504
Iteration 1393 out of 2504
Iteration 1394 out of 2504
Iteration 1395 out of 2504
Iteration 1396 out of 2504
Iteration 1397 out of 2504
Iteration 1398 out of 2504
Iteration 1399 out of 2504
Iteration 1400 out of 2504
Iteration 1401 out of 2504
Iteration 1402 out of 2504
Iteration 1403 out of 2504
Iteration 1404 out of 2504
Iteration 1405 out of 2504
Iteration 1406 out of 2504
Iteration 1407 out of 2504
Iteration 1408 out of 2504
Iteration 1409 out of 2504
Iteration 1410 out of 2504
Iteration 1411 out of 2504
Iteration 1412 out of 2504
Iteration 1413 out of 2504
Iteration 1414 out of 2504
Iteration 1415 out of 2504
Iteration 1416 out of 2504
Iteration 1417 out of 2504
Iteration 1418 out of 2504
Iteration 1419 out of 2504
Iteration 1420 out of 2504
Iteration 1421 out of 2504
Iteration 1422 out of 2504
Iteration 1423 out of 2504
Iteration 1424 out of 2504
Iteration 1425 out of 2504
Iteration 1426 out of 2504
Iteration 1427 out of 2504
Iteration 1428 out of 2504
Iteration 1429 out of 2504
Iteration 1430 out of 2504
Iteration 1431 out of 2504
Iteration 1432 out of 2504
Iteration 1433 out of 2504
Iteration 1434 out of 2504
Iteration 1435 out of 2504
Iteration 1436 out of 2504
Iteration 1437 out of 2504
Iteration 1438 out of 2504
Iteration 1439 out of 2504
Iteration 1440 out of 2504
Iteration 1441 out of 2504
Iteration 1442 out of 2504
Iteration 1443 out of 2504
Iteration 1444 out of 2504
Iteration 1445 out of 2504
Iteration 1446 out of 2504
Iteration 1447 out of 2504
Iteration 1448 out of 2504
Iteration 1449 out of 2504
Iteration 1450 out of 2504
Iteration 1451 out of 2504
Iteration 1452 out of 2504
Iteration 1453 out of 2504
Iteration 1454 out of 2504
Iteration 1455 out of 2504
Iteration 1456 out of 2504
Iteration 1457 out of 2504
Iteration 1458 out of 2504
Iteration 1459 out of 2504
Iteration 1460 out of 2504
Iteration 1461 out of 2504
Iteration 1462 out of 2504
Iteration 1463 out of 2504
Iteration 1464 out of 2504
Iteration 1465 out of 2504
Iteration 1466 out of 2504
Iteration 1467 out of 2504
Iteration 1468 out of 2504
Iteration 1469 out of 2504
Iteration 1470 out of 2504
Iteration 1471 out of 2504
Iteration 1472 out of 2504
Iteration 1473 out of 2504
Iteration 1474 out of 2504
Iteration 1475 out of 2504
Iteration 1476 out of 2504
Iteration 1477 out of 2504
Iteration 1478 out of 2504
Iteration 1479 out of 2504
Iteration 1480 out of 2504
Iteration 1481 out of 2504
Iteration 1482 out of 2504
Iteration 1483 out of 2504
Iteration 1484 out of 2504
Iteration 1485 out of 2504
Iteration 1486 out of 2504
Iteration 1487 out of 2504
Iteration 1488 out of 2504
Iteration 1489 out of 2504
Iteration 1490 out of 2504
Iteration 1491 out of 2504
Iteration 1492 out of 2504
Iteration 1493 out of 2504
Iteration 1494 out of 2504
Iteration 1495 out of 2504
Iteration 1496 out of 2504
Iteration 1497 out of 2504
Iteration 1498 out of 2504
Iteration 1499 out of 2504
Iteration 1500 out of 2504
Iteration 1501 out of 2504
Iteration 1502 out of 2504
Iteration 1503 out of 2504
Iteration 1504 out of 2504
Iteration 1505 out of 2504
Iteration 1506 out of 2504
Iteration 1507 out of 2504
Iteration 1508 out of 2504
Iteration 1509 out of 2504
Iteration 1510 out of 2504
Iteration 1511 out of 2504
Iteration 1512 out of 2504
Iteration 1513 out of 2504
Iteration 1514 out of 2504
Iteration 1515 out of 2504
Iteration 1516 out of 2504
Iteration 1517 out of 2504
Iteration 1518 out of 2504
Iteration 1519 out of 2504
Iteration 1520 out of 2504
Iteration 1521 out of 2504
Iteration 1522 out of 2504
Iteration 1523 out of 2504
Iteration 1524 out of 2504
Iteration 1525 out of 2504
Iteration 1526 out of 2504
Iteration 1527 out of 2504
Iteration 1528 out of 2504
Iteration 1529 out of 2504
Iteration 1530 out of 2504
Iteration 1531 out of 2504
Iteration 1532 out of 2504
Iteration 1533 out of 2504
Iteration 1534 out of 2504
Iteration 1535 out of 2504
Iteration 1536 out of 2504
Iteration 1537 out of 2504
Iteration 1538 out of 2504
Iteration 1539 out of 2504
Iteration 1540 out of 2504
Iteration 1541 out of 2504
Iteration 1542 out of 2504
Iteration 1543 out of 2504
Iteration 1544 out of 2504
Iteration 1545 out of 2504
Iteration 1546 out of 2504
Iteration 1547 out of 2504
Iteration 1548 out of 2504
Iteration 1549 out of 2504
Iteration 1550 out of 2504
Iteration 1551 out of 2504
Iteration 1552 out of 2504
Iteration 1553 out of 2504
Iteration 1554 out of 2504
Iteration 1555 out of 2504
Iteration 1556 out of 2504
Iteration 1557 out of 2504
Iteration 1558 out of 2504
Iteration 1559 out of 2504
Iteration 1560 out of 2504
Iteration 1561 out of 2504
Iteration 1562 out of 2504
Iteration 1563 out of 2504
Iteration 1564 out of 2504
Iteration 1565 out of 2504
Iteration 1566 out of 2504
Iteration 1567 out of 2504
Iteration 1568 out of 2504
Iteration 1569 out of 2504
Iteration 1570 out of 2504
Iteration 1571 out of 2504
Iteration 1572 out of 2504
Iteration 1573 out of 2504
Iteration 1574 out of 2504
Iteration 1575 out of 2504
Iteration 1576 out of 2504
Iteration 1577 out of 2504
Iteration 1578 out of 2504
Iteration 1579 out of 2504
Iteration 1580 out of 2504
Iteration 1581 out of 2504
Iteration 1582 out of 2504
Iteration 1583 out of 2504
Iteration 1584 out of 2504
Iteration 1585 out of 2504
Iteration 1586 out of 2504
Iteration 1587 out of 2504
Iteration 1588 out of 2504
Iteration 1589 out of 2504
Iteration 1590 out of 2504
Iteration 1591 out of 2504
Iteration 1592 out of 2504
Iteration 1593 out of 2504
Iteration 1594 out of 2504
Iteration 1595 out of 2504
Iteration 1596 out of 2504
Iteration 1597 out of 2504
Iteration 1598 out of 2504
Iteration 1599 out of 2504
Iteration 1600 out of 2504
Iteration 1601 out of 2504
Iteration 1602 out of 2504
Iteration 1603 out of 2504
Iteration 1604 out of 2504
Iteration 1605 out of 2504
Iteration 1606 out of 2504
Iteration 1607 out of 2504
Iteration 1608 out of 2504
Iteration 1609 out of 2504
Iteration 1610 out of 2504
Iteration 1611 out of 2504
Iteration 1612 out of 2504
Iteration 1613 out of 2504
Iteration 1614 out of 2504
Iteration 1615 out of 2504
Iteration 1616 out of 2504
Iteration 1617 out of 2504
Iteration 1618 out of 2504
Iteration 1619 out of 2504
Iteration 1620 out of 2504
Iteration 1621 out of 2504
Iteration 1622 out of 2504
Iteration 1623 out of 2504
Iteration 1624 out of 2504
Iteration 1625 out of 2504
Iteration 1626 out of 2504
Iteration 1627 out of 2504
Iteration 1628 out of 2504
Iteration 1629 out of 2504
Iteration 1630 out of 2504
Iteration 1631 out of 2504
Iteration 1632 out of 2504
Iteration 1633 out of 2504
Iteration 1634 out of 2504
Iteration 1635 out of 2504
Iteration 1636 out of 2504
Iteration 1637 out of 2504
Iteration 1638 out of 2504
Iteration 1639 out of 2504
Iteration 1640 out of 2504
Iteration 1641 out of 2504
Iteration 1642 out of 2504
Iteration 1643 out of 2504
Iteration 1644 out of 2504
Iteration 1645 out of 2504
Iteration 1646 out of 2504
Iteration 1647 out of 2504
Iteration 1648 out of 2504
Iteration 1649 out of 2504
Iteration 1650 out of 2504
Iteration 1651 out of 2504
Iteration 1652 out of 2504
Iteration 1653 out of 2504
Iteration 1654 out of 2504
Iteration 1655 out of 2504
Iteration 1656 out of 2504
Iteration 1657 out of 2504
Iteration 1658 out of 2504
Iteration 1659 out of 2504
Iteration 1660 out of 2504
Iteration 1661 out of 2504
Iteration 1662 out of 2504
Iteration 1663 out of 2504
Iteration 1664 out of 2504
Iteration 1665 out of 2504
Iteration 1666 out of 2504
Iteration 1667 out of 2504
Iteration 1668 out of 2504
Iteration 1669 out of 2504
Iteration 1670 out of 2504
Iteration 1671 out of 2504
Iteration 1672 out of 2504
Iteration 1673 out of 2504
Iteration 1674 out of 2504
Iteration 1675 out of 2504
Iteration 1676 out of 2504
Iteration 1677 out of 2504
Iteration 1678 out of 2504
Iteration 1679 out of 2504
Iteration 1680 out of 2504
Iteration 1681 out of 2504
Iteration 1682 out of 2504
Iteration 1683 out of 2504
Iteration 1684 out of 2504
Iteration 1685 out of 2504
Iteration 1686 out of 2504
Iteration 1687 out of 2504
Iteration 1688 out of 2504
Iteration 1689 out of 2504
Iteration 1690 out of 2504
Iteration 1691 out of 2504
Iteration 1692 out of 2504
Iteration 1693 out of 2504
Iteration 1694 out of 2504
Iteration 1695 out of 2504
Iteration 1696 out of 2504
Iteration 1697 out of 2504
Iteration 1698 out of 2504
Iteration 1699 out of 2504
Iteration 1700 out of 2504
Iteration 1701 out of 2504
Iteration 1702 out of 2504
Iteration 1703 out of 2504
Iteration 1704 out of 2504
Iteration 1705 out of 2504
Iteration 1706 out of 2504
Iteration 1707 out of 2504
Iteration 1708 out of 2504
Iteration 1709 out of 2504
Iteration 1710 out of 2504
Iteration 1711 out of 2504
Iteration 1712 out of 2504
Iteration 1713 out of 2504
Iteration 1714 out of 2504
Iteration 1715 out of 2504
Iteration 1716 out of 2504
Iteration 1717 out of 2504
Iteration 1718 out of 2504
Iteration 1719 out of 2504
Iteration 1720 out of 2504
Iteration 1721 out of 2504
Iteration 1722 out of 2504
Iteration 1723 out of 2504
Iteration 1724 out of 2504
Iteration 1725 out of 2504
Iteration 1726 out of 2504
Iteration 1727 out of 2504
Iteration 1728 out of 2504
Iteration 1729 out of 2504
Iteration 1730 out of 2504
Iteration 1731 out of 2504
Iteration 1732 out of 2504
Iteration 1733 out of 2504
Iteration 1734 out of 2504
Iteration 1735 out of 2504
Iteration 1736 out of 2504
Iteration 1737 out of 2504
Iteration 1738 out of 2504
Iteration 1739 out of 2504
Iteration 1740 out of 2504
Iteration 1741 out of 2504
Iteration 1742 out of 2504
Iteration 1743 out of 2504
Iteration 1744 out of 2504
Iteration 1745 out of 2504
Iteration 1746 out of 2504
Iteration 1747 out of 2504
Iteration 1748 out of 2504
Iteration 1749 out of 2504
Iteration 1750 out of 2504
Iteration 1751 out of 2504
Iteration 1752 out of 2504
Iteration 1753 out of 2504
Iteration 1754 out of 2504
Iteration 1755 out of 2504
Iteration 1756 out of 2504
Iteration 1757 out of 2504
Iteration 1758 out of 2504
Iteration 1759 out of 2504
Iteration 1760 out of 2504
Iteration 1761 out of 2504
Iteration 1762 out of 2504
Iteration 1763 out of 2504
Iteration 1764 out of 2504
Iteration 1765 out of 2504
Iteration 1766 out of 2504
Iteration 1767 out of 2504
Iteration 1768 out of 2504
Iteration 1769 out of 2504
Iteration 1770 out of 2504
Iteration 1771 out of 2504
Iteration 1772 out of 2504
Iteration 1773 out of 2504
Iteration 1774 out of 2504
Iteration 1775 out of 2504
Iteration 1776 out of 2504
Iteration 1777 out of 2504
Iteration 1778 out of 2504
Iteration 1779 out of 2504
Iteration 1780 out of 2504
Iteration 1781 out of 2504
Iteration 1782 out of 2504
Iteration 1783 out of 2504
Iteration 1784 out of 2504
Iteration 1785 out of 2504
Iteration 1786 out of 2504
Iteration 1787 out of 2504
Iteration 1788 out of 2504
Iteration 1789 out of 2504
Iteration 1790 out of 2504
Iteration 1791 out of 2504
Iteration 1792 out of 2504
Iteration 1793 out of 2504
Iteration 1794 out of 2504
Iteration 1795 out of 2504
Iteration 1796 out of 2504
Iteration 1797 out of 2504
Iteration 1798 out of 2504
Iteration 1799 out of 2504
Iteration 1800 out of 2504
Iteration 1801 out of 2504
Iteration 1802 out of 2504
Iteration 1803 out of 2504
Iteration 1804 out of 2504
Iteration 1805 out of 2504
Iteration 1806 out of 2504
Iteration 1807 out of 2504
Iteration 1808 out of 2504
Iteration 1809 out of 2504
Iteration 1810 out of 2504
Iteration 1811 out of 2504
Iteration 1812 out of 2504
Iteration 1813 out of 2504
Iteration 1814 out of 2504
Iteration 1815 out of 2504
Iteration 1816 out of 2504
Iteration 1817 out of 2504
Iteration 1818 out of 2504
Iteration 1819 out of 2504
Iteration 1820 out of 2504
Iteration 1821 out of 2504
Iteration 1822 out of 2504
Iteration 1823 out of 2504
Iteration 1824 out of 2504
Iteration 1825 out of 2504
Iteration 1826 out of 2504
Iteration 1827 out of 2504
Iteration 1828 out of 2504
Iteration 1829 out of 2504
Iteration 1830 out of 2504
Iteration 1831 out of 2504
Iteration 1832 out of 2504
Iteration 1833 out of 2504
Iteration 1834 out of 2504
Iteration 1835 out of 2504
Iteration 1836 out of 2504
Iteration 1837 out of 2504
Iteration 1838 out of 2504
Iteration 1839 out of 2504
Iteration 1840 out of 2504
Iteration 1841 out of 2504
Iteration 1842 out of 2504
Iteration 1843 out of 2504
Iteration 1844 out of 2504
Iteration 1845 out of 2504
Iteration 1846 out of 2504
Iteration 1847 out of 2504
Iteration 1848 out of 2504
Iteration 1849 out of 2504
Iteration 1850 out of 2504
Iteration 1851 out of 2504
Iteration 1852 out of 2504
Iteration 1853 out of 2504
Iteration 1854 out of 2504
Iteration 1855 out of 2504
Iteration 1856 out of 2504
Iteration 1857 out of 2504
Iteration 1858 out of 2504
Iteration 1859 out of 2504
Iteration 1860 out of 2504
Iteration 1861 out of 2504
Iteration 1862 out of 2504
Iteration 1863 out of 2504
Iteration 1864 out of 2504
Iteration 1865 out of 2504
Iteration 1866 out of 2504
Iteration 1867 out of 2504
Iteration 1868 out of 2504
Iteration 1869 out of 2504
Iteration 1870 out of 2504
Iteration 1871 out of 2504
Iteration 1872 out of 2504
Iteration 1873 out of 2504
Iteration 1874 out of 2504
Iteration 1875 out of 2504
Iteration 1876 out of 2504
Iteration 1877 out of 2504
Iteration 1878 out of 2504
Iteration 1879 out of 2504
Iteration 1880 out of 2504
Iteration 1881 out of 2504
Iteration 1882 out of 2504
Iteration 1883 out of 2504
Iteration 1884 out of 2504
Iteration 1885 out of 2504
Iteration 1886 out of 2504
Iteration 1887 out of 2504
Iteration 1888 out of 2504
Iteration 1889 out of 2504
Iteration 1890 out of 2504
Iteration 1891 out of 2504
Iteration 1892 out of 2504
Iteration 1893 out of 2504
Iteration 1894 out of 2504
Iteration 1895 out of 2504
Iteration 1896 out of 2504
Iteration 1897 out of 2504
Iteration 1898 out of 2504
Iteration 1899 out of 2504
Iteration 1900 out of 2504
Iteration 1901 out of 2504
Iteration 1902 out of 2504
Iteration 1903 out of 2504
Iteration 1904 out of 2504
Iteration 1905 out of 2504
Iteration 1906 out of 2504
Iteration 1907 out of 2504
Iteration 1908 out of 2504
Iteration 1909 out of 2504
Iteration 1910 out of 2504
Iteration 1911 out of 2504
Iteration 1912 out of 2504
Iteration 1913 out of 2504
Iteration 1914 out of 2504
Iteration 1915 out of 2504
Iteration 1916 out of 2504
Iteration 1917 out of 2504
Iteration 1918 out of 2504
Iteration 1919 out of 2504
Iteration 1920 out of 2504
Iteration 1921 out of 2504
Iteration 1922 out of 2504
Iteration 1923 out of 2504
Iteration 1924 out of 2504
Iteration 1925 out of 2504
Iteration 1926 out of 2504
Iteration 1927 out of 2504
Iteration 1928 out of 2504
Iteration 1929 out of 2504
Iteration 1930 out of 2504
Iteration 1931 out of 2504
Iteration 1932 out of 2504
Iteration 1933 out of 2504
Iteration 1934 out of 2504
Iteration 1935 out of 2504
Iteration 1936 out of 2504
Iteration 1937 out of 2504
Iteration 1938 out of 2504
Iteration 1939 out of 2504
Iteration 1940 out of 2504
Iteration 1941 out of 2504
Iteration 1942 out of 2504
Iteration 1943 out of 2504
Iteration 1944 out of 2504
Iteration 1945 out of 2504
Iteration 1946 out of 2504
Iteration 1947 out of 2504
Iteration 1948 out of 2504
Iteration 1949 out of 2504
Iteration 1950 out of 2504
Iteration 1951 out of 2504
Iteration 1952 out of 2504
Iteration 1953 out of 2504
Iteration 1954 out of 2504
Iteration 1955 out of 2504
Iteration 1956 out of 2504
Iteration 1957 out of 2504
Iteration 1958 out of 2504
Iteration 1959 out of 2504
Iteration 1960 out of 2504
Iteration 1961 out of 2504
Iteration 1962 out of 2504
Iteration 1963 out of 2504
Iteration 1964 out of 2504
Iteration 1965 out of 2504
Iteration 1966 out of 2504
Iteration 1967 out of 2504
Iteration 1968 out of 2504
Iteration 1969 out of 2504
Iteration 1970 out of 2504
Iteration 1971 out of 2504
Iteration 1972 out of 2504
Iteration 1973 out of 2504
Iteration 1974 out of 2504
Iteration 1975 out of 2504
Iteration 1976 out of 2504
Iteration 1977 out of 2504
Iteration 1978 out of 2504
Iteration 1979 out of 2504
Iteration 1980 out of 2504
Iteration 1981 out of 2504
Iteration 1982 out of 2504
Iteration 1983 out of 2504
Iteration 1984 out of 2504
Iteration 1985 out of 2504
Iteration 1986 out of 2504
Iteration 1987 out of 2504
Iteration 1988 out of 2504
Iteration 1989 out of 2504
Iteration 1990 out of 2504
Iteration 1991 out of 2504
Iteration 1992 out of 2504
Iteration 1993 out of 2504
Iteration 1994 out of 2504
Iteration 1995 out of 2504
Iteration 1996 out of 2504
Iteration 1997 out of 2504
Iteration 1998 out of 2504
Iteration 1999 out of 2504
Iteration 2000 out of 2504
Iteration 2001 out of 2504
Iteration 2002 out of 2504
Iteration 2003 out of 2504
Iteration 2004 out of 2504
Iteration 2005 out of 2504
Iteration 2006 out of 2504
Iteration 2007 out of 2504
Iteration 2008 out of 2504
Iteration 2009 out of 2504
Iteration 2010 out of 2504
Iteration 2011 out of 2504
Iteration 2012 out of 2504
Iteration 2013 out of 2504
Iteration 2014 out of 2504
Iteration 2015 out of 2504
Iteration 2016 out of 2504
Iteration 2017 out of 2504
Iteration 2018 out of 2504
Iteration 2019 out of 2504
Iteration 2020 out of 2504
Iteration 2021 out of 2504
Iteration 2022 out of 2504
Iteration 2023 out of 2504
Iteration 2024 out of 2504
Iteration 2025 out of 2504
Iteration 2026 out of 2504
Iteration 2027 out of 2504
Iteration 2028 out of 2504
Iteration 2029 out of 2504
Iteration 2030 out of 2504
Iteration 2031 out of 2504
Iteration 2032 out of 2504
Iteration 2033 out of 2504
Iteration 2034 out of 2504
Iteration 2035 out of 2504
Iteration 2036 out of 2504
Iteration 2037 out of 2504
Iteration 2038 out of 2504
Iteration 2039 out of 2504
Iteration 2040 out of 2504
Iteration 2041 out of 2504
Iteration 2042 out of 2504
Iteration 2043 out of 2504
Iteration 2044 out of 2504
Iteration 2045 out of 2504
Iteration 2046 out of 2504
Iteration 2047 out of 2504
Iteration 2048 out of 2504
Iteration 2049 out of 2504
Iteration 2050 out of 2504
Iteration 2051 out of 2504
Iteration 2052 out of 2504
Iteration 2053 out of 2504
Iteration 2054 out of 2504
Iteration 2055 out of 2504
Iteration 2056 out of 2504
Iteration 2057 out of 2504
Iteration 2058 out of 2504
Iteration 2059 out of 2504
Iteration 2060 out of 2504
Iteration 2061 out of 2504
Iteration 2062 out of 2504
Iteration 2063 out of 2504
Iteration 2064 out of 2504
Iteration 2065 out of 2504
Iteration 2066 out of 2504
Iteration 2067 out of 2504
Iteration 2068 out of 2504
Iteration 2069 out of 2504
Iteration 2070 out of 2504
Iteration 2071 out of 2504
Iteration 2072 out of 2504
Iteration 2073 out of 2504
Iteration 2074 out of 2504
Iteration 2075 out of 2504
Iteration 2076 out of 2504
Iteration 2077 out of 2504
Iteration 2078 out of 2504
Iteration 2079 out of 2504
Iteration 2080 out of 2504
Iteration 2081 out of 2504
Iteration 2082 out of 2504
Iteration 2083 out of 2504
Iteration 2084 out of 2504
Iteration 2085 out of 2504
Iteration 2086 out of 2504
Iteration 2087 out of 2504
Iteration 2088 out of 2504
Iteration 2089 out of 2504
Iteration 2090 out of 2504
Iteration 2091 out of 2504
Iteration 2092 out of 2504
Iteration 2093 out of 2504
Iteration 2094 out of 2504
Iteration 2095 out of 2504
Iteration 2096 out of 2504
Iteration 2097 out of 2504
Iteration 2098 out of 2504
Iteration 2099 out of 2504
Iteration 2100 out of 2504
Iteration 2101 out of 2504
Iteration 2102 out of 2504
Iteration 2103 out of 2504
Iteration 2104 out of 2504
Iteration 2105 out of 2504
Iteration 2106 out of 2504
Iteration 2107 out of 2504
Iteration 2108 out of 2504
Iteration 2109 out of 2504
Iteration 2110 out of 2504
Iteration 2111 out of 2504
Iteration 2112 out of 2504
Iteration 2113 out of 2504
Iteration 2114 out of 2504
Iteration 2115 out of 2504
Iteration 2116 out of 2504
Iteration 2117 out of 2504
Iteration 2118 out of 2504
Iteration 2119 out of 2504
Iteration 2120 out of 2504
Iteration 2121 out of 2504
Iteration 2122 out of 2504
Iteration 2123 out of 2504
Iteration 2124 out of 2504
Iteration 2125 out of 2504
Iteration 2126 out of 2504
Iteration 2127 out of 2504
Iteration 2128 out of 2504
Iteration 2129 out of 2504
Iteration 2130 out of 2504
Iteration 2131 out of 2504
Iteration 2132 out of 2504
Iteration 2133 out of 2504
Iteration 2134 out of 2504
Iteration 2135 out of 2504
Iteration 2136 out of 2504
Iteration 2137 out of 2504
Iteration 2138 out of 2504
Iteration 2139 out of 2504
Iteration 2140 out of 2504
Iteration 2141 out of 2504
Iteration 2142 out of 2504
Iteration 2143 out of 2504
Iteration 2144 out of 2504
Iteration 2145 out of 2504
Iteration 2146 out of 2504
Iteration 2147 out of 2504
Iteration 2148 out of 2504
Iteration 2149 out of 2504
Iteration 2150 out of 2504
Iteration 2151 out of 2504
Iteration 2152 out of 2504
Iteration 2153 out of 2504
Iteration 2154 out of 2504
Iteration 2155 out of 2504
Iteration 2156 out of 2504
Iteration 2157 out of 2504
Iteration 2158 out of 2504
Iteration 2159 out of 2504
Iteration 2160 out of 2504
Iteration 2161 out of 2504
Iteration 2162 out of 2504
Iteration 2163 out of 2504
Iteration 2164 out of 2504
Iteration 2165 out of 2504
Iteration 2166 out of 2504
Iteration 2167 out of 2504
Iteration 2168 out of 2504
Iteration 2169 out of 2504
Iteration 2170 out of 2504
Iteration 2171 out of 2504
Iteration 2172 out of 2504
Iteration 2173 out of 2504
Iteration 2174 out of 2504
Iteration 2175 out of 2504
Iteration 2176 out of 2504
Iteration 2177 out of 2504
Iteration 2178 out of 2504
Iteration 2179 out of 2504
Iteration 2180 out of 2504
Iteration 2181 out of 2504
Iteration 2182 out of 2504
Iteration 2183 out of 2504
Iteration 2184 out of 2504
Iteration 2185 out of 2504
Iteration 2186 out of 2504
Iteration 2187 out of 2504
Iteration 2188 out of 2504
Iteration 2189 out of 2504
Iteration 2190 out of 2504
Iteration 2191 out of 2504
Iteration 2192 out of 2504
Iteration 2193 out of 2504
Iteration 2194 out of 2504
Iteration 2195 out of 2504
Iteration 2196 out of 2504
Iteration 2197 out of 2504
Iteration 2198 out of 2504
Iteration 2199 out of 2504
Iteration 2200 out of 2504
Iteration 2201 out of 2504
Iteration 2202 out of 2504
Iteration 2203 out of 2504
Iteration 2204 out of 2504
Iteration 2205 out of 2504
Iteration 2206 out of 2504
Iteration 2207 out of 2504
Iteration 2208 out of 2504
Iteration 2209 out of 2504
Iteration 2210 out of 2504
Iteration 2211 out of 2504
Iteration 2212 out of 2504
Iteration 2213 out of 2504
Iteration 2214 out of 2504
Iteration 2215 out of 2504
Iteration 2216 out of 2504
Iteration 2217 out of 2504
Iteration 2218 out of 2504
Iteration 2219 out of 2504
Iteration 2220 out of 2504
Iteration 2221 out of 2504
Iteration 2222 out of 2504
Iteration 2223 out of 2504
Iteration 2224 out of 2504
Iteration 2225 out of 2504
Iteration 2226 out of 2504
Iteration 2227 out of 2504
Iteration 2228 out of 2504
Iteration 2229 out of 2504
Iteration 2230 out of 2504
Iteration 2231 out of 2504
Iteration 2232 out of 2504
Iteration 2233 out of 2504
Iteration 2234 out of 2504
Iteration 2235 out of 2504
Iteration 2236 out of 2504
Iteration 2237 out of 2504
Iteration 2238 out of 2504
Iteration 2239 out of 2504
Iteration 2240 out of 2504
Iteration 2241 out of 2504
Iteration 2242 out of 2504
Iteration 2243 out of 2504
Iteration 2244 out of 2504
Iteration 2245 out of 2504
Iteration 2246 out of 2504
Iteration 2247 out of 2504
Iteration 2248 out of 2504
Iteration 2249 out of 2504
Iteration 2250 out of 2504
Iteration 2251 out of 2504
Iteration 2252 out of 2504
Iteration 2253 out of 2504
Iteration 2254 out of 2504
Iteration 2255 out of 2504
Iteration 2256 out of 2504
Iteration 2257 out of 2504
Iteration 2258 out of 2504
Iteration 2259 out of 2504
Iteration 2260 out of 2504
Iteration 2261 out of 2504
Iteration 2262 out of 2504
Iteration 2263 out of 2504
Iteration 2264 out of 2504
Iteration 2265 out of 2504
Iteration 2266 out of 2504
Iteration 2267 out of 2504
Iteration 2268 out of 2504
Iteration 2269 out of 2504
Iteration 2270 out of 2504
Iteration 2271 out of 2504
Iteration 2272 out of 2504
Iteration 2273 out of 2504
Iteration 2274 out of 2504
Iteration 2275 out of 2504
Iteration 2276 out of 2504
Iteration 2277 out of 2504
Iteration 2278 out of 2504
Iteration 2279 out of 2504
Iteration 2280 out of 2504
Iteration 2281 out of 2504
Iteration 2282 out of 2504
Iteration 2283 out of 2504
Iteration 2284 out of 2504
Iteration 2285 out of 2504
Iteration 2286 out of 2504
Iteration 2287 out of 2504
Iteration 2288 out of 2504
Iteration 2289 out of 2504
Iteration 2290 out of 2504
Iteration 2291 out of 2504
Iteration 2292 out of 2504
Iteration 2293 out of 2504
Iteration 2294 out of 2504
Iteration 2295 out of 2504
Iteration 2296 out of 2504
Iteration 2297 out of 2504
Iteration 2298 out of 2504
Iteration 2299 out of 2504
Iteration 2300 out of 2504
Iteration 2301 out of 2504
Iteration 2302 out of 2504
Iteration 2303 out of 2504
Iteration 2304 out of 2504
Iteration 2305 out of 2504
Iteration 2306 out of 2504
Iteration 2307 out of 2504
Iteration 2308 out of 2504
Iteration 2309 out of 2504
Iteration 2310 out of 2504
Iteration 2311 out of 2504
Iteration 2312 out of 2504
Iteration 2313 out of 2504
Iteration 2314 out of 2504
Iteration 2315 out of 2504
Iteration 2316 out of 2504
Iteration 2317 out of 2504
Iteration 2318 out of 2504
Iteration 2319 out of 2504
Iteration 2320 out of 2504
Iteration 2321 out of 2504
Iteration 2322 out of 2504
Iteration 2323 out of 2504
Iteration 2324 out of 2504
Iteration 2325 out of 2504
Iteration 2326 out of 2504
Iteration 2327 out of 2504
Iteration 2328 out of 2504
Iteration 2329 out of 2504
Iteration 2330 out of 2504
Iteration 2331 out of 2504
Iteration 2332 out of 2504
Iteration 2333 out of 2504
Iteration 2334 out of 2504
Iteration 2335 out of 2504
Iteration 2336 out of 2504
Iteration 2337 out of 2504
Iteration 2338 out of 2504
Iteration 2339 out of 2504
Iteration 2340 out of 2504
Iteration 2341 out of 2504
Iteration 2342 out of 2504
Iteration 2343 out of 2504
Iteration 2344 out of 2504
Iteration 2345 out of 2504
Iteration 2346 out of 2504
Iteration 2347 out of 2504
Iteration 2348 out of 2504
Iteration 2349 out of 2504
Iteration 2350 out of 2504
Iteration 2351 out of 2504
Iteration 2352 out of 2504
Iteration 2353 out of 2504
Iteration 2354 out of 2504
Iteration 2355 out of 2504
Iteration 2356 out of 2504
Iteration 2357 out of 2504
Iteration 2358 out of 2504
Iteration 2359 out of 2504
Iteration 2360 out of 2504
Iteration 2361 out of 2504
Iteration 2362 out of 2504
Iteration 2363 out of 2504
Iteration 2364 out of 2504
Iteration 2365 out of 2504
Iteration 2366 out of 2504
Iteration 2367 out of 2504
Iteration 2368 out of 2504
Iteration 2369 out of 2504
Iteration 2370 out of 2504
Iteration 2371 out of 2504
Iteration 2372 out of 2504
Iteration 2373 out of 2504
Iteration 2374 out of 2504
Iteration 2375 out of 2504
Iteration 2376 out of 2504
Iteration 2377 out of 2504
Iteration 2378 out of 2504
Iteration 2379 out of 2504
Iteration 2380 out of 2504
Iteration 2381 out of 2504
Iteration 2382 out of 2504
Iteration 2383 out of 2504
Iteration 2384 out of 2504
Iteration 2385 out of 2504
Iteration 2386 out of 2504
Iteration 2387 out of 2504
Iteration 2388 out of 2504
Iteration 2389 out of 2504
Iteration 2390 out of 2504
Iteration 2391 out of 2504
Iteration 2392 out of 2504
Iteration 2393 out of 2504
Iteration 2394 out of 2504
Iteration 2395 out of 2504
Iteration 2396 out of 2504
Iteration 2397 out of 2504
Iteration 2398 out of 2504
Iteration 2399 out of 2504
Iteration 2400 out of 2504
Iteration 2401 out of 2504
Iteration 2402 out of 2504
Iteration 2403 out of 2504
Iteration 2404 out of 2504
Iteration 2405 out of 2504
Iteration 2406 out of 2504
Iteration 2407 out of 2504
Iteration 2408 out of 2504
Iteration 2409 out of 2504
Iteration 2410 out of 2504
Iteration 2411 out of 2504
Iteration 2412 out of 2504
Iteration 2413 out of 2504
Iteration 2414 out of 2504
Iteration 2415 out of 2504
Iteration 2416 out of 2504
Iteration 2417 out of 2504
Iteration 2418 out of 2504
Iteration 2419 out of 2504
Iteration 2420 out of 2504
Iteration 2421 out of 2504
Iteration 2422 out of 2504
Iteration 2423 out of 2504
Iteration 2424 out of 2504
Iteration 2425 out of 2504
Iteration 2426 out of 2504
Iteration 2427 out of 2504
Iteration 2428 out of 2504
Iteration 2429 out of 2504
Iteration 2430 out of 2504
Iteration 2431 out of 2504
Iteration 2432 out of 2504
Iteration 2433 out of 2504
Iteration 2434 out of 2504
Iteration 2435 out of 2504
Iteration 2436 out of 2504
Iteration 2437 out of 2504
Iteration 2438 out of 2504
Iteration 2439 out of 2504
Iteration 2440 out of 2504
Iteration 2441 out of 2504
Iteration 2442 out of 2504
Iteration 2443 out of 2504
Iteration 2444 out of 2504
Iteration 2445 out of 2504
Iteration 2446 out of 2504
Iteration 2447 out of 2504
Iteration 2448 out of 2504
Iteration 2449 out of 2504
Iteration 2450 out of 2504
Iteration 2451 out of 2504
Iteration 2452 out of 2504
Iteration 2453 out of 2504
Iteration 2454 out of 2504
Iteration 2455 out of 2504
Iteration 2456 out of 2504
Iteration 2457 out of 2504
Iteration 2458 out of 2504
Iteration 2459 out of 2504
Iteration 2460 out of 2504
Iteration 2461 out of 2504
Iteration 2462 out of 2504
Iteration 2463 out of 2504
Iteration 2464 out of 2504
Iteration 2465 out of 2504
Iteration 2466 out of 2504
Iteration 2467 out of 2504
Iteration 2468 out of 2504
Iteration 2469 out of 2504
Iteration 2470 out of 2504
Iteration 2471 out of 2504
Iteration 2472 out of 2504
Iteration 2473 out of 2504
Iteration 2474 out of 2504
Iteration 2475 out of 2504
Iteration 2476 out of 2504
Iteration 2477 out of 2504
Iteration 2478 out of 2504
Iteration 2479 out of 2504
Iteration 2480 out of 2504
Iteration 2481 out of 2504
Iteration 2482 out of 2504
Iteration 2483 out of 2504
Iteration 2484 out of 2504
Iteration 2485 out of 2504
Iteration 2486 out of 2504
Iteration 2487 out of 2504
Iteration 2488 out of 2504
Iteration 2489 out of 2504
Iteration 2490 out of 2504
Iteration 2491 out of 2504
Iteration 2492 out of 2504
Iteration 2493 out of 2504
Iteration 2494 out of 2504
Iteration 2495 out of 2504
Iteration 2496 out of 2504
Iteration 2497 out of 2504
Iteration 2498 out of 2504
Iteration 2499 out of 2504
Iteration 2500 out of 2504
Iteration 2501 out of 2504
Iteration 2502 out of 2504
Iteration 2503 out of 2504
Iteration 2504 out of 2504

Time Spent Tracking:: 654 seconds

save results

TOTAL TIME: 719 seconds

The command /home/jwangbay/software/amsterdam/tvb-ukbb/bb_diffusion_pipeline/tvb_probtrackx2/tvb_probtrackx2 took 729 seconds
Ending time: Tue May 3 04:23:34 PDT 2022


STANDARD ERROR:
++ fsl_abspath /scratch/jwangbay/amsterdam/sub-0001
+ subjdir=/scratch/jwangbay/amsterdam/sub-0001
++ echo /scratch/jwangbay/amsterdam/sub-0001
++ sed 's/\/$/$/g'
+ subjdir=/scratch/jwangbay/amsterdam/sub-0001
+ echo subjectdir is /scratch/jwangbay/amsterdam/sub-0001
+ mkdir -p /scratch/jwangbay/amsterdam/sub-0001/dMRI/probtrackx_TVBSchaeferTian420
+ ln -s /scratch/jwangbay/amsterdam/sub-0001/dMRI/bedpostx.bedpostX/merged_f1samples.nii.gz /scratch/jwangbay/amsterdam/sub-0001/dMRI/bedpostx.bedpostX/merged_f2samples.nii.gz /scratch/jwangbay/amsterdam/sub-0001/dMRI/bedpostx.bedpostX/merged_f3samples.nii.gz /scratch/jwangbay/amsterdam/sub-0001/dMRI/bedpostx.bedpostX/merged_ph1samples.nii.gz /scratch/jwangbay/amsterdam/sub-0001/dMRI/bedpostx.bedpostX/merged_ph2samples.nii.gz /scratch/jwangbay/amsterdam/sub-0001/dMRI/bedpostx.bedpostX/merged_ph3samples.nii.gz /scratch/jwangbay/amsterdam/sub-0001/dMRI/bedpostx.bedpostX/merged_th1samples.nii.gz /scratch/jwangbay/amsterdam/sub-0001/dMRI/bedpostx.bedpostX/merged_th2samples.nii.gz /scratch/jwangbay/amsterdam/sub-0001/dMRI/bedpostx.bedpostX/merged_th3samples.nii.gz /scratch/jwangbay/amsterdam/sub-0001/dMRI/probtrackx_TVBSchaeferTian420
+ /opt/fsl/bin/applywarp -i /scratch/jwangbay/amsterdam/sub-0001/T1/labelled_GMI_TVBSchaeferTian420 -r /scratch/jwangbay/amsterdam/sub-0001/dMRI/dMRI/data_B0 -o /scratch/jwangbay/amsterdam/sub-0001/dMRI/dMRI/parcellation_TVBSchaeferTian420 --premat=/scratch/jwangbay/amsterdam/sub-0001/dMRI/dMRI/transforms/T1_to_DTI.mat --interp=nn
+ /opt/fsl/bin/applywarp -i /scratch/jwangbay/amsterdam/sub-0001/T1/interface -r /scratch/jwangbay/amsterdam/sub-0001/dMRI/dMRI/data_B0 -o /scratch/jwangbay/amsterdam/sub-0001/dMRI/dMRI/interface --premat=/scratch/jwangbay/amsterdam/sub-0001/dMRI/dMRI/transforms/T1_to_DTI.mat --interp=nn
+ /opt/fsl/bin/applywarp -i /scratch/jwangbay/amsterdam/sub-0001/T1/T1_fast/T1_brain_GM_mask -r /scratch/jwangbay/amsterdam/sub-0001/dMRI/dMRI/data_B0 -o /scratch/jwangbay/amsterdam/sub-0001/dMRI/probtrackx_TVBSchaeferTian420/exclude --premat=/scratch/jwangbay/amsterdam/sub-0001/dMRI/dMRI/transforms/T1_to_DTI.mat --interp=nn
+ /cvmfs/soft.computecanada.ca/easybuild/software/2020/avx2/Compiler/gcc9/afni/20.3.05/3dROIMaker -inset /scratch/jwangbay/amsterdam/sub-0001/dMRI/dMRI/interface.nii.gz -thresh 0.1 -prefix /scratch/jwangbay/amsterdam/sub-0001/dMRI/probtrackx_TVBSchaeferTian420/labelledWM -refset /scratch/jwangbay/amsterdam/sub-0001/dMRI/dMRI/parcellation_TVBSchaeferTian420.nii.gz -nifti -neigh_upto_vert -dump_no_labtab
[7m*+ WARNING:[0m   If you are performing spatial transformations on an oblique dset,
  such as /scratch/jwangbay/amsterdam/sub-0001/dMRI/dMRI/parcellation_TVBSchaeferTian420.nii.gz,
  or viewing/combining it with volumes of differing obliquity,
  you should consider running: 
     3dWarp -deoblique 
  on this and  other oblique datasets in the same session.
 See 3dWarp -help for details.
++ Oblique dataset:/scratch/jwangbay/amsterdam/sub-0001/dMRI/dMRI/parcellation_TVBSchaeferTian420.nii.gz is 1.844405 degrees from plumb.
++ Oblique dataset:/scratch/jwangbay/amsterdam/sub-0001/dMRI/dMRI/interface.nii.gz is 1.844405 degrees from plumb.
++ Value of threshold is: 0.100000
++ Each subrik of refset will be applied to corresponding inset brik.
++ GM map is done.
++ SKEL_STOP = 0
++ No refset labeltable for naming things.
++ GMI map is done.
++ Did *not* put labeltables on both the GM and GMI files (but could have)
+ mv /scratch/jwangbay/amsterdam/sub-0001/dMRI/probtrackx_TVBSchaeferTian420/labelledWM_GM.nii.gz /scratch/jwangbay/amsterdam/sub-0001/dMRI/probtrackx_TVBSchaeferTian420/labelledWM_GM_TVBSchaeferTian420.nii.gz
+ /home/jwangbay/software/amsterdam/tvb-ukbb/bb_diffusion_pipeline/tvb_probtrackx2/tvb_createDTImasks.py -i /scratch/jwangbay/amsterdam/sub-0001/dMRI/dMRI/interface.nii.gz -LUT /home/jwangbay/software/amsterdam/tvb-ukbb/templates/parcellations/TVB_SchaeferTian/TVB_SchaeferTian_420_LUT.tsv -ri /scratch/jwangbay/amsterdam/sub-0001/dMRI/probtrackx_TVBSchaeferTian420/labelledWM_GM_TVBSchaeferTian420.nii.gz -od /scratch/jwangbay/amsterdam/sub-0001/dMRI/probtrackx_TVBSchaeferTian420
/home/jwangbay/software/amsterdam/tvb-ukbb/bb_diffusion_pipeline/tvb_probtrackx2/tvb_createDTImasks.py:58: DeprecationWarning: get_data() is deprecated in favor of get_fdata(), which has a more predictable return type. To obtain get_data() behavior going forward, use numpy.asanyarray(img.dataobj).

* deprecated from version: 3.0
* Will raise <class 'nibabel.deprecator.ExpiredDeprecationError'> as of version: 5.0
  Interface_roied_data= Interface_roied_img.get_data()
/home/jwangbay/software/amsterdam/tvb-ukbb/bb_diffusion_pipeline/tvb_probtrackx2/tvb_createDTImasks.py:65: DeprecationWarning: get_data() is deprecated in favor of get_fdata(), which has a more predictable return type. To obtain get_data() behavior going forward, use numpy.asanyarray(img.dataobj).

* deprecated from version: 3.0
* Will raise <class 'nibabel.deprecator.ExpiredDeprecationError'> as of version: 5.0
  Interface_inDTI_data= Interface_inDTI_img.get_data()
+ output_dir=/scratch/jwangbay/amsterdam/sub-0001/dMRI/probtrackx_TVBSchaeferTian420/
+ seeds=/scratch/jwangbay/amsterdam/sub-0001/dMRI/probtrackx_TVBSchaeferTian420/seeds.txt
+ DTI_mask=/scratch/jwangbay/amsterdam/sub-0001/dMRI/bedpostx.bedpostX/nodif_brain_mask.nii.gz
+ '[' true == gpu_batch ']'
+ '[' true == false ']'
+ probtrackx2_gpu -V 2 --network --omatrix1 --ompl --seed=/scratch/jwangbay/amsterdam/sub-0001/dMRI/probtrackx_TVBSchaeferTian420/seeds.txt --loopcheck --onewaycondition --cthr=0.2 --nsteps=2000 --steplength=0.5 --nsamples=5000 --fibthresh=0.01 --distthresh=0.0 --sampvox=0.0 --avoid=/scratch/jwangbay/amsterdam/sub-0001/dMRI/probtrackx_TVBSchaeferTian420/exclude.nii.gz --forcedir --opd --samples=/scratch/jwangbay/amsterdam/sub-0001/dMRI/bedpostx.bedpostX/merged --mask=/scratch/jwangbay/amsterdam/sub-0001/dMRI/bedpostx.bedpostX/nodif_brain_mask.nii.gz --dir=/scratch/jwangbay/amsterdam/sub-0001/dMRI/probtrackx_TVBSchaeferTian420/
+ . /home/jwangbay/software/amsterdam/tvb-ukbb/bb_pipeline_tools/bb_set_footer
++ set +x
